

Microchip MPLAB XC8 Assembler V2.10 build 88905656 
                                                                                               Sun Mar 15 20:24:53 2020

Microchip MPLAB XC8 C Compiler v2.10 (Free license) build 20190730164152 Og1 
     1                           	processor	18F4550
     2                           	fnconf	rparam,??,?,0
     3                           	opt	pw 120
     4                           	opt	flic
     5                           	psect	smallconst,global,reloc=2,class=SMALLCONST,delta=1,noexec
     6                           	psect	cinit,global,reloc=2,class=CODE,delta=1
     7                           	psect	cstackCOMRAM,global,class=COMRAM,space=1,delta=1,noexec
     8                           	psect	text0,global,reloc=2,class=CODE,delta=1
     9                           	psect	text1,global,reloc=2,class=CODE,delta=1
    10                           	psect	text2,global,reloc=2,class=CODE,delta=1
    11                           	psect	text3,global,reloc=2,class=CODE,delta=1
    12                           	psect	text4,global,reloc=2,class=CODE,delta=1
    13                           	psect	text5,global,reloc=2,class=CODE,delta=1
    14                           	psect	text6,global,reloc=2,class=CODE,delta=1
    15                           	psect	text7,global,reloc=2,class=CODE,delta=1
    16                           	psect	text8,global,reloc=2,class=CODE,delta=1
    17                           	psect	text9,global,reloc=2,class=CODE,delta=1
    18                           	psect	text10,global,reloc=2,class=CODE,delta=1
    19                           	psect	intsave_regs,global,class=BIGRAM,space=1,delta=1,noexec
    20                           	psect	rparam,global,class=COMRAM,space=1,delta=1,noexec
    21  0000                     
    22                           ; Version 2.10
    23                           ; Generated 31/07/2019 GMT
    24                           ; 
    25                           ; Copyright © 2019, Microchip Technology Inc. and its subsidiaries ("Microchip")
    26                           ; All rights reserved.
    27                           ; 
    28                           ; This software is developed by Microchip Technology Inc. and its subsidiaries ("Microch
      +                          ip").
    29                           ; 
    30                           ; Redistribution and use in source and binary forms, with or without modification, are
    31                           ; permitted provided that the following conditions are met:
    32                           ; 
    33                           ;     1. Redistributions of source code must retain the above copyright notice, this lis
      +                          t of
    34                           ;        conditions and the following disclaimer.
    35                           ; 
    36                           ;     2. Redistributions in binary form must reproduce the above copyright notice, this 
      +                          list
    37                           ;        of conditions and the following disclaimer in the documentation and/or other
    38                           ;        materials provided with the distribution.
    39                           ; 
    40                           ;     3. Microchip's name may not be used to endorse or promote products derived from th
      +                          is
    41                           ;        software without specific prior written permission.
    42                           ; 
    43                           ; THIS SOFTWARE IS PROVIDED BY MICROCHIP "AS IS" AND ANY EXPRESS OR IMPLIED WARRANTIES,
    44                           ; INCLUDING, BUT NOT LIMITED TO, THE IMPLIED WARRANTIES OF MERCHANTABILITY AND FITNESS F
      +                          OR
    45                           ; PURPOSE ARE DISCLAIMED.  IN NO EVENT SHALL MICROCHIP BE LIABLE FOR ANY DIRECT, INDIREC
      +                          T,
    46                           ; INCIDENTAL, SPECIAL, EXEMPLARY, OR CONSEQUENTIAL DAMAGES (INCLUDING BUT NOT LIMITED TO
    47                           ; PROCUREMENT OF SUBSTITUTE GOODS OR SERVICES; LOSS OF USE, DATA OR PROFITS; OR BUSINESS
    48                           ; INTERRUPTION) HOWSOEVER CAUSED AND ON ANY THEORY OF LIABILITY, WHETHER IN CONTRACT, ST
      +                          RICT
    49                           ; LIABILITY, OR TORT (INCLUDING NEGLIGENCE OR OTHERWISE) ARISING IN ANY WAY OUT OF THE U
      +                          SE OF
    50                           ; THIS SOFTWARE, EVEN IF ADVISED OF THE POSSIBILITY OF SUCH DAMAGE.
    51                           ; 
    52                           ; 
    53                           ; Code-generator required, PIC18F4550 Definitions
    54                           ; 
    55                           ; SFR Addresses
    56  0000                     _TRISEbits	set	3990
    57  0000                     _TRISD	set	3989
    58  0000                     _PORTD	set	3971
    59  0000                     _LATEbits	set	3981
    60                           
    61                           	psect	smallconst
    62  001004                     __psmallconst:
    63                           	opt callstack 0
    64  001004  00                 	db	0
    65  001005                     STR_1:
    66  001005  20                 	db	32
    67  001006  20                 	db	32
    68  001007  20                 	db	32
    69  001008  48                 	db	72	;'H'
    70  001009  4F                 	db	79	;'O'
    71  00100A  4C                 	db	76	;'L'
    72  00100B  41                 	db	65	;'A'
    73  00100C  20                 	db	32
    74  00100D  4D                 	db	77	;'M'
    75  00100E  55                 	db	85	;'U'
    76  00100F  4E                 	db	78	;'N'
    77  001010  44                 	db	68	;'D'
    78  001011  4F                 	db	79	;'O'
    79  001012  00                 	db	0
    80  001013                     STR_2:
    81  001013  20                 	db	32
    82  001014  20                 	db	32
    83  001015  41                 	db	65	;'A'
    84  001016  44                 	db	68	;'D'
    85  001017  49                 	db	73	;'I'
    86  001018  4F                 	db	79	;'O'
    87  001019  53                 	db	83	;'S'
    88  00101A  20                 	db	32
    89  00101B  4D                 	db	77	;'M'
    90  00101C  55                 	db	85	;'U'
    91  00101D  4E                 	db	78	;'N'
    92  00101E  44                 	db	68	;'D'
    93  00101F  4F                 	db	79	;'O'
    94  001020  00                 	db	0
    95                           
    96                           ; #config settings
    97  001021  00                 	db	0	; dummy byte at the end
    98  0000                     
    99                           	psect	cinit
   100  007D44                     __pcinit:
   101                           	opt callstack 0
   102  007D44                     start_initialization:
   103                           	opt callstack 0
   104  007D44                     __initialization:
   105                           	opt callstack 0
   106  007D44                     end_of_initialization:
   107                           	opt callstack 0
   108  007D44                     __end_of__initialization:
   109                           	opt callstack 0
   110  007D44  0E00               	movlw	low (__Lsmallconst shr (0+16))
   111  007D46  6EF8               	movwf	tblptru,c
   112  007D48  0E10               	movlw	high __Lsmallconst
   113  007D4A  6EF7               	movwf	tblptrh,c
   114  007D4C  0100               	movlb	0
   115  007D4E  EFC1  F03E         	goto	_main	;jump to C main() function
   116                           
   117                           	psect	cstackCOMRAM
   118  000001                     __pcstackCOMRAM:
   119                           	opt callstack 0
   120  000001                     SetDDRamAddr@DDaddr:
   121                           	opt callstack 0
   122  000001                     WriteCmdXLCD@cmd:
   123                           	opt callstack 0
   124  000001                     WriteDataXLCD@data:
   125                           	opt callstack 0
   126  000001                     delay_ms@n:
   127                           	opt callstack 0
   128                           
   129                           ; 4 bytes @ 0x0
   130  000001                     	ds	1
   131  000002                     putrsXLCD@buffer:
   132                           	opt callstack 0
   133                           
   134                           ; 2 bytes @ 0x1
   135  000002                     	ds	2
   136  000004                     
   137                           ; 1 bytes @ 0x3
   138  000004                     	ds	1
   139  000005                     ??_delay_ms:
   140                           
   141                           ; 1 bytes @ 0x4
   142  000005                     	ds	1
   143  000006                     ??_OpenXLCD:
   144                           
   145                           ; 1 bytes @ 0x5
   146  000006                     	ds	1
   147  000007                     OpenXLCD@lcdtype:
   148                           	opt callstack 0
   149                           
   150                           ; 1 bytes @ 0x6
   151  000007                     	ds	1
   152  000008                     
   153                           ; 1 bytes @ 0x7
   154 ;;
   155 ;;Main: autosize = 0, tempsize = 0, incstack = 0, save=0
   156 ;;
   157 ;; *************** function _main *****************
   158 ;; Defined at:
   159 ;;		line 11 in file "main.c"
   160 ;; Parameters:    Size  Location     Type
   161 ;;		None
   162 ;; Auto vars:     Size  Location     Type
   163 ;;		None
   164 ;; Return value:  Size  Location     Type
   165 ;;                  1    wreg      void 
   166 ;; Registers used:
   167 ;;		wreg, status,2, status,0, tblptrl, tblptrh, tblptru, cstack
   168 ;; Tracked objects:
   169 ;;		On entry : 0/0
   170 ;;		On exit  : 0/0
   171 ;;		Unchanged: 0/0
   172 ;; Data sizes:     COMRAM   BANK0   BANK1   BANK2   BANK3   BANK4   BANK5   BANK6   BANK7
   173 ;;      Params:         0       0       0       0       0       0       0       0       0
   174 ;;      Locals:         0       0       0       0       0       0       0       0       0
   175 ;;      Temps:          0       0       0       0       0       0       0       0       0
   176 ;;      Totals:         0       0       0       0       0       0       0       0       0
   177 ;;Total ram usage:        0 bytes
   178 ;; Hardware stack levels required when called:    4
   179 ;; This function calls:
   180 ;;		_WriteCmdXLCD
   181 ;;		_inicializacionLCD
   182 ;;		_putrsXLCD
   183 ;; This function is called by:
   184 ;;		Startup code after reset
   185 ;; This function uses a non-reentrant model
   186 ;;
   187                           
   188                           	psect	text0
   189  007D82                     __ptext0:
   190                           	opt callstack 0
   191  007D82                     _main:
   192                           	opt callstack 27
   193                           
   194                           ;main.c: 13: inicializacionLCD();
   195                           
   196                           ;incstack = 0
   197  007D82  ECB4  F03E         	call	_inicializacionLCD	;wreg free
   198                           
   199                           ;main.c: 14: putrsXLCD("   HOLA MUNDO");
   200  007D86  0E05               	movlw	low STR_1
   201  007D88  6E02               	movwf	putrsXLCD@buffer^0,c
   202  007D8A  0E10               	movlw	high STR_1
   203  007D8C  6E03               	movwf	(putrsXLCD@buffer+1)^0,c
   204  007D8E  ECD3  F03E         	call	_putrsXLCD	;wreg free
   205                           
   206                           ;main.c: 15: WriteCmdXLCD(0b11000000);
   207  007D92  0EC0               	movlw	192
   208  007D94  EC25  F03F         	call	_WriteCmdXLCD
   209                           
   210                           ;main.c: 16: putrsXLCD("  ADIOS MUNDO");
   211  007D98  0E13               	movlw	low STR_2
   212  007D9A  6E02               	movwf	putrsXLCD@buffer^0,c
   213  007D9C  0E10               	movlw	high STR_2
   214  007D9E  6E03               	movwf	(putrsXLCD@buffer+1)^0,c
   215  007DA0  ECD3  F03E         	call	_putrsXLCD	;wreg free
   216  007DA4                     l163:
   217  007DA4  D7FF               	goto	l163
   218  007DA6                     __end_of_main:
   219                           	opt callstack 0
   220                           
   221 ;; *************** function _putrsXLCD *****************
   222 ;; Defined at:
   223 ;;		line 16 in file "XLCD/putrxlcd.c"
   224 ;; Parameters:    Size  Location     Type
   225 ;;  buffer          2    1[COMRAM] PTR const unsigned char 
   226 ;;		 -> STR_2(14), STR_1(14), 
   227 ;; Auto vars:     Size  Location     Type
   228 ;;		None
   229 ;; Return value:  Size  Location     Type
   230 ;;                  1    wreg      void 
   231 ;; Registers used:
   232 ;;		wreg, status,2, status,0, tblptrl, tblptrh, tblptru, cstack
   233 ;; Tracked objects:
   234 ;;		On entry : 0/0
   235 ;;		On exit  : 0/0
   236 ;;		Unchanged: 0/0
   237 ;; Data sizes:     COMRAM   BANK0   BANK1   BANK2   BANK3   BANK4   BANK5   BANK6   BANK7
   238 ;;      Params:         2       0       0       0       0       0       0       0       0
   239 ;;      Locals:         0       0       0       0       0       0       0       0       0
   240 ;;      Temps:          0       0       0       0       0       0       0       0       0
   241 ;;      Totals:         2       0       0       0       0       0       0       0       0
   242 ;;Total ram usage:        2 bytes
   243 ;; Hardware stack levels used:    1
   244 ;; Hardware stack levels required when called:    2
   245 ;; This function calls:
   246 ;;		_BusyXLCD
   247 ;;		_WriteDataXLCD
   248 ;; This function is called by:
   249 ;;		_main
   250 ;; This function uses a non-reentrant model
   251 ;;
   252                           
   253                           	psect	text1
   254  007DA6                     __ptext1:
   255                           	opt callstack 0
   256  007DA6                     _putrsXLCD:
   257                           	opt callstack 28
   258                           
   259                           ;putrxlcd.c: 18: while(*buffer)
   260                           
   261                           ;incstack = 0
   262  007DA6  D00F               	goto	l1289
   263  007DA8                     l1283:
   264  007DA8  EC08  F03F         	call	_BusyXLCD	;wreg free
   265  007DAC  0900               	iorlw	0
   266  007DAE  A4D8               	btfss	status,2,c
   267  007DB0  D7FB               	goto	l1283
   268                           
   269                           ;putrxlcd.c: 21: WriteDataXLCD(*buffer);
   270  007DB2  C002  FFF6         	movff	putrsXLCD@buffer,tblptrl
   271  007DB6  C003  FFF7         	movff	putrsXLCD@buffer+1,tblptrh
   272  007DBA                     	if	0	;tblptru may be non-zero
   273  007DBA                     	endif
   274  007DBA                     	if	0	;tblptru may be non-zero
   275  007DBA                     	endif
   276  007DBA  0008               	tblrd		*
   277  007DBC  50F5               	movf	tablat,w,c
   278  007DBE  EC44  F03F         	call	_WriteDataXLCD
   279                           
   280                           ;putrxlcd.c: 22: buffer++;
   281  007DC2  4A02               	infsnz	putrsXLCD@buffer^0,f,c
   282  007DC4  2A03               	incf	(putrsXLCD@buffer+1)^0,f,c
   283  007DC6                     l1289:
   284  007DC6  C002  FFF6         	movff	putrsXLCD@buffer,tblptrl
   285  007DCA  C003  FFF7         	movff	putrsXLCD@buffer+1,tblptrh
   286  007DCE                     	if	0	;tblptru may be non-zero
   287  007DCE                     	endif
   288  007DCE                     	if	0	;tblptru may be non-zero
   289  007DCE                     	endif
   290  007DCE  0008               	tblrd		*
   291  007DD0  50F5               	movf	tablat,w,c
   292  007DD2  0900               	iorlw	0
   293  007DD4  B4D8               	btfsc	status,2,c
   294  007DD6  0012               	return	
   295  007DD8  D7E7               	goto	l1283
   296  007DDA                     __end_of_putrsXLCD:
   297                           	opt callstack 0
   298                           
   299 ;; *************** function _WriteDataXLCD *****************
   300 ;; Defined at:
   301 ;;		line 16 in file "XLCD/writdata.c"
   302 ;; Parameters:    Size  Location     Type
   303 ;;  data            1    wreg     unsigned char 
   304 ;; Auto vars:     Size  Location     Type
   305 ;;  data            1    0[COMRAM] unsigned char 
   306 ;; Return value:  Size  Location     Type
   307 ;;                  1    wreg      void 
   308 ;; Registers used:
   309 ;;		wreg, status,2, status,0, cstack
   310 ;; Tracked objects:
   311 ;;		On entry : 0/0
   312 ;;		On exit  : 0/0
   313 ;;		Unchanged: 0/0
   314 ;; Data sizes:     COMRAM   BANK0   BANK1   BANK2   BANK3   BANK4   BANK5   BANK6   BANK7
   315 ;;      Params:         0       0       0       0       0       0       0       0       0
   316 ;;      Locals:         1       0       0       0       0       0       0       0       0
   317 ;;      Temps:          0       0       0       0       0       0       0       0       0
   318 ;;      Totals:         1       0       0       0       0       0       0       0       0
   319 ;;Total ram usage:        1 bytes
   320 ;; Hardware stack levels used:    1
   321 ;; Hardware stack levels required when called:    1
   322 ;; This function calls:
   323 ;;		_DelayFor18TCY
   324 ;; This function is called by:
   325 ;;		_putrsXLCD
   326 ;;		_putsXLCD
   327 ;; This function uses a non-reentrant model
   328 ;;
   329                           
   330                           	psect	text2
   331  007E88                     __ptext2:
   332                           	opt callstack 0
   333  007E88                     _WriteDataXLCD:
   334                           	opt callstack 28
   335                           
   336                           ;incstack = 0
   337                           ;WriteDataXLCD@data stored from wreg
   338  007E88  6E01               	movwf	WriteDataXLCD@data^0,c
   339                           
   340                           ;writdata.c: 31: TRISD &= 0x0f;
   341  007E8A  0E0F               	movlw	15
   342  007E8C  1695               	andwf	149,f,c	;volatile
   343                           
   344                           ;writdata.c: 32: PORTD &= 0x0f;
   345  007E8E  0E0F               	movlw	15
   346  007E90  1683               	andwf	131,f,c	;volatile
   347                           
   348                           ;writdata.c: 33: PORTD |= data&0xf0;
   349  007E92  5001               	movf	WriteDataXLCD@data^0,w,c
   350  007E94  0BF0               	andlw	240
   351  007E96  1283               	iorwf	131,f,c	;volatile
   352                           
   353                           ;writdata.c: 39: LATEbits.LATE0 = 1;
   354  007E98  808D               	bsf	141,0,c	;volatile
   355                           
   356                           ;writdata.c: 40: LATEbits.LATE1 = 0;
   357  007E9A  928D               	bcf	141,1,c	;volatile
   358                           
   359                           ;writdata.c: 41: DelayFor18TCY();
   360  007E9C  EC9E  F03E         	call	_DelayFor18TCY	;wreg free
   361                           
   362                           ;writdata.c: 42: LATEbits.LATE2 = 1;
   363  007EA0  848D               	bsf	141,2,c	;volatile
   364                           
   365                           ;writdata.c: 43: DelayFor18TCY();
   366  007EA2  EC9E  F03E         	call	_DelayFor18TCY	;wreg free
   367                           
   368                           ;writdata.c: 44: LATEbits.LATE2 = 0;
   369  007EA6  948D               	bcf	141,2,c	;volatile
   370                           
   371                           ;writdata.c: 46: PORTD &= 0x0f;
   372  007EA8  0E0F               	movlw	15
   373  007EAA  1683               	andwf	131,f,c	;volatile
   374                           
   375                           ;writdata.c: 47: PORTD |= ((data<<4)&0xf0);
   376  007EAC  3801               	swapf	WriteDataXLCD@data^0,w,c
   377  007EAE  0BF0               	andlw	240
   378  007EB0  0BF0               	andlw	240
   379  007EB2  1283               	iorwf	131,f,c	;volatile
   380                           
   381                           ;writdata.c: 52: DelayFor18TCY();
   382  007EB4  EC9E  F03E         	call	_DelayFor18TCY	;wreg free
   383                           
   384                           ;writdata.c: 53: LATEbits.LATE2 = 1;
   385  007EB8  848D               	bsf	141,2,c	;volatile
   386                           
   387                           ;writdata.c: 54: DelayFor18TCY();
   388  007EBA  EC9E  F03E         	call	_DelayFor18TCY	;wreg free
   389                           
   390                           ;writdata.c: 55: LATEbits.LATE2 = 0;
   391  007EBE  948D               	bcf	141,2,c	;volatile
   392                           
   393                           ;writdata.c: 57: TRISD |= 0xf0;
   394  007EC0  0EF0               	movlw	240
   395  007EC2  1295               	iorwf	149,f,c	;volatile
   396  007EC4  0012               	return		;funcret
   397  007EC6                     __end_of_WriteDataXLCD:
   398                           	opt callstack 0
   399                           
   400 ;; *************** function _inicializacionLCD *****************
   401 ;; Defined at:
   402 ;;		line 4 in file "main.c"
   403 ;; Parameters:    Size  Location     Type
   404 ;;		None
   405 ;; Auto vars:     Size  Location     Type
   406 ;;		None
   407 ;; Return value:  Size  Location     Type
   408 ;;                  1    wreg      void 
   409 ;; Registers used:
   410 ;;		wreg, status,2, status,0, cstack
   411 ;; Tracked objects:
   412 ;;		On entry : 0/0
   413 ;;		On exit  : 0/0
   414 ;;		Unchanged: 0/0
   415 ;; Data sizes:     COMRAM   BANK0   BANK1   BANK2   BANK3   BANK4   BANK5   BANK6   BANK7
   416 ;;      Params:         0       0       0       0       0       0       0       0       0
   417 ;;      Locals:         0       0       0       0       0       0       0       0       0
   418 ;;      Temps:          0       0       0       0       0       0       0       0       0
   419 ;;      Totals:         0       0       0       0       0       0       0       0       0
   420 ;;Total ram usage:        0 bytes
   421 ;; Hardware stack levels used:    1
   422 ;; Hardware stack levels required when called:    3
   423 ;; This function calls:
   424 ;;		_OpenXLCD
   425 ;;		_WriteCmdXLCD
   426 ;; This function is called by:
   427 ;;		_main
   428 ;; This function uses a non-reentrant model
   429 ;;
   430                           
   431                           	psect	text3
   432  007D68                     __ptext3:
   433                           	opt callstack 0
   434  007D68                     _inicializacionLCD:
   435                           	opt callstack 27
   436                           
   437                           ;main.c: 6: OpenXLCD(0b00101100 & 0b00111000);
   438                           
   439                           ;incstack = 0
   440  007D68  0E28               	movlw	40
   441  007D6A  EC83  F03F         	call	_OpenXLCD
   442                           
   443                           ;main.c: 7: WriteCmdXLCD(0b00000110);
   444  007D6E  0E06               	movlw	6
   445  007D70  EC25  F03F         	call	_WriteCmdXLCD
   446                           
   447                           ;main.c: 8: WriteCmdXLCD(0b00001111);
   448  007D74  0E0F               	movlw	15
   449  007D76  EC25  F03F         	call	_WriteCmdXLCD
   450                           
   451                           ;main.c: 9: WriteCmdXLCD(0b00001110);
   452  007D7A  0E0E               	movlw	14
   453  007D7C  EC25  F03F         	call	_WriteCmdXLCD
   454  007D80  0012               	return		;funcret
   455  007D82                     __end_of_inicializacionLCD:
   456                           	opt callstack 0
   457                           
   458 ;; *************** function _OpenXLCD *****************
   459 ;; Defined at:
   460 ;;		line 20 in file "XLCD/openxlcd.c"
   461 ;; Parameters:    Size  Location     Type
   462 ;;  lcdtype         1    wreg     unsigned char 
   463 ;; Auto vars:     Size  Location     Type
   464 ;;  lcdtype         1    6[COMRAM] unsigned char 
   465 ;; Return value:  Size  Location     Type
   466 ;;                  1    wreg      void 
   467 ;; Registers used:
   468 ;;		wreg, status,2, status,0, cstack
   469 ;; Tracked objects:
   470 ;;		On entry : 0/0
   471 ;;		On exit  : 0/0
   472 ;;		Unchanged: 0/0
   473 ;; Data sizes:     COMRAM   BANK0   BANK1   BANK2   BANK3   BANK4   BANK5   BANK6   BANK7
   474 ;;      Params:         0       0       0       0       0       0       0       0       0
   475 ;;      Locals:         1       0       0       0       0       0       0       0       0
   476 ;;      Temps:          1       0       0       0       0       0       0       0       0
   477 ;;      Totals:         2       0       0       0       0       0       0       0       0
   478 ;;Total ram usage:        2 bytes
   479 ;; Hardware stack levels used:    1
   480 ;; Hardware stack levels required when called:    2
   481 ;; This function calls:
   482 ;;		_BusyXLCD
   483 ;;		_DelayPORXLCD
   484 ;;		_SetDDRamAddr
   485 ;;		_WriteCmdXLCD
   486 ;; This function is called by:
   487 ;;		_inicializacionLCD
   488 ;; This function uses a non-reentrant model
   489 ;;
   490                           
   491                           	psect	text4
   492  007F06                     __ptext4:
   493                           	opt callstack 0
   494  007F06                     _OpenXLCD:
   495                           	opt callstack 27
   496                           
   497                           ;incstack = 0
   498                           ;OpenXLCD@lcdtype stored from wreg
   499  007F06  6E07               	movwf	OpenXLCD@lcdtype^0,c
   500                           
   501                           ;openxlcd.c: 29: PORTD &= 0x0f;
   502  007F08  0E0F               	movlw	15
   503  007F0A  1683               	andwf	131,f,c	;volatile
   504                           
   505                           ;openxlcd.c: 30: TRISD &= 0x0F;
   506  007F0C  0E0F               	movlw	15
   507  007F0E  1695               	andwf	149,f,c	;volatile
   508                           
   509                           ;openxlcd.c: 36: TRISEbits.TRISE1 = 0;
   510  007F10  9296               	bcf	150,1,c	;volatile
   511                           
   512                           ;openxlcd.c: 37: TRISEbits.TRISE0 = 0;
   513  007F12  9096               	bcf	150,0,c	;volatile
   514                           
   515                           ;openxlcd.c: 38: TRISEbits.TRISE2 = 0;
   516  007F14  9496               	bcf	150,2,c	;volatile
   517                           
   518                           ;openxlcd.c: 39: LATEbits.LATE1 = 0;
   519  007F16  928D               	bcf	141,1,c	;volatile
   520                           
   521                           ;openxlcd.c: 40: LATEbits.LATE0 = 0;
   522  007F18  908D               	bcf	141,0,c	;volatile
   523                           
   524                           ;openxlcd.c: 41: LATEbits.LATE2 = 0;
   525  007F1A  948D               	bcf	141,2,c	;volatile
   526                           
   527                           ;openxlcd.c: 44: DelayPORXLCD();
   528  007F1C  ECA9  F03E         	call	_DelayPORXLCD	;wreg free
   529                           
   530                           ;openxlcd.c: 46: WriteCmdXLCD(0x30);
   531  007F20  0E30               	movlw	48
   532  007F22  EC25  F03F         	call	_WriteCmdXLCD
   533                           
   534                           ;openxlcd.c: 49: _delay(10000);
   535  007F26  0E0D               	movlw	13
   536  007F28  6E06               	movwf	??_OpenXLCD^0,c
   537  007F2A  0EFC               	movlw	252
   538  007F2C                     u247:
   539  007F2C  2EE8               	decfsz	wreg,f,c
   540  007F2E  D7FE               	bra	u247
   541  007F30  2E06               	decfsz	??_OpenXLCD^0,f,c
   542  007F32  D7FC               	bra	u247
   543                           
   544                           ;openxlcd.c: 50: _delay(10000);
   545  007F34  0E0D               	movlw	13
   546  007F36  6E06               	movwf	??_OpenXLCD^0,c
   547  007F38  0EFC               	movlw	252
   548  007F3A                     u257:
   549  007F3A  2EE8               	decfsz	wreg,f,c
   550  007F3C  D7FE               	bra	u257
   551  007F3E  2E06               	decfsz	??_OpenXLCD^0,f,c
   552  007F40  D7FC               	bra	u257
   553                           
   554                           ;openxlcd.c: 51: _delay(10000);
   555  007F42  0E0D               	movlw	13
   556  007F44  6E06               	movwf	??_OpenXLCD^0,c
   557  007F46  0EFC               	movlw	252
   558  007F48                     u267:
   559  007F48  2EE8               	decfsz	wreg,f,c
   560  007F4A  D7FE               	bra	u267
   561  007F4C  2E06               	decfsz	??_OpenXLCD^0,f,c
   562  007F4E  D7FC               	bra	u267
   563                           
   564                           ;openxlcd.c: 52: _delay(10000);
   565  007F50  0E0D               	movlw	13
   566  007F52  6E06               	movwf	??_OpenXLCD^0,c
   567  007F54  0EFC               	movlw	252
   568  007F56                     u277:
   569  007F56  2EE8               	decfsz	wreg,f,c
   570  007F58  D7FE               	bra	u277
   571  007F5A  2E06               	decfsz	??_OpenXLCD^0,f,c
   572  007F5C  D7FC               	bra	u277
   573                           
   574                           ;openxlcd.c: 53: _delay(10000);
   575  007F5E  0E0D               	movlw	13
   576  007F60  6E06               	movwf	??_OpenXLCD^0,c
   577  007F62  0EFC               	movlw	252
   578  007F64                     u287:
   579  007F64  2EE8               	decfsz	wreg,f,c
   580  007F66  D7FE               	bra	u287
   581  007F68  2E06               	decfsz	??_OpenXLCD^0,f,c
   582  007F6A  D7FC               	bra	u287
   583                           
   584                           ;openxlcd.c: 54: _delay(10000);
   585  007F6C  0E0D               	movlw	13
   586  007F6E  6E06               	movwf	??_OpenXLCD^0,c
   587  007F70  0EFC               	movlw	252
   588  007F72                     u297:
   589  007F72  2EE8               	decfsz	wreg,f,c
   590  007F74  D7FE               	bra	u297
   591  007F76  2E06               	decfsz	??_OpenXLCD^0,f,c
   592  007F78  D7FC               	bra	u297
   593                           
   594                           ;openxlcd.c: 57: WriteCmdXLCD(0x30);
   595  007F7A  0E30               	movlw	48
   596  007F7C  EC25  F03F         	call	_WriteCmdXLCD
   597                           
   598                           ;openxlcd.c: 59: _delay(10000);
   599  007F80  0E0D               	movlw	13
   600  007F82  6E06               	movwf	??_OpenXLCD^0,c
   601  007F84  0EFC               	movlw	252
   602  007F86                     u307:
   603  007F86  2EE8               	decfsz	wreg,f,c
   604  007F88  D7FE               	bra	u307
   605  007F8A  2E06               	decfsz	??_OpenXLCD^0,f,c
   606  007F8C  D7FC               	bra	u307
   607                           
   608                           ;openxlcd.c: 62: WriteCmdXLCD(0x32);
   609  007F8E  0E32               	movlw	50
   610  007F90  EC25  F03F         	call	_WriteCmdXLCD
   611  007F94                     l1253:
   612  007F94  EC08  F03F         	call	_BusyXLCD	;wreg free
   613  007F98  0900               	iorlw	0
   614  007F9A  A4D8               	btfss	status,2,c
   615  007F9C  D7FB               	goto	l1253
   616  007F9E                     u150:
   617  007F9E  EC08  F03F         	call	_BusyXLCD	;wreg free
   618  007FA2  0900               	iorlw	0
   619  007FA4  A4D8               	btfss	status,2,c
   620  007FA6  D7FB               	goto	u150
   621                           
   622                           ;openxlcd.c: 69: WriteCmdXLCD(lcdtype);
   623  007FA8  5007               	movf	OpenXLCD@lcdtype^0,w,c
   624  007FAA  EC25  F03F         	call	_WriteCmdXLCD
   625  007FAE                     l1259:
   626  007FAE  EC08  F03F         	call	_BusyXLCD	;wreg free
   627  007FB2  0900               	iorlw	0
   628  007FB4  A4D8               	btfss	status,2,c
   629  007FB6  D7FB               	goto	l1259
   630                           
   631                           ;openxlcd.c: 73: WriteCmdXLCD(0b00001011&0b00001101&0b00001110);
   632  007FB8  0E08               	movlw	8
   633  007FBA  EC25  F03F         	call	_WriteCmdXLCD
   634  007FBE                     l1263:
   635  007FBE  EC08  F03F         	call	_BusyXLCD	;wreg free
   636  007FC2  0900               	iorlw	0
   637  007FC4  A4D8               	btfss	status,2,c
   638  007FC6  D7FB               	goto	l1263
   639                           
   640                           ;openxlcd.c: 75: WriteCmdXLCD(0b00001111&0b00001111&0b00001111);
   641  007FC8  0E0F               	movlw	15
   642  007FCA  EC25  F03F         	call	_WriteCmdXLCD
   643  007FCE                     l1267:
   644  007FCE  EC08  F03F         	call	_BusyXLCD	;wreg free
   645  007FD2  0900               	iorlw	0
   646  007FD4  A4D8               	btfss	status,2,c
   647  007FD6  D7FB               	goto	l1267
   648                           
   649                           ;openxlcd.c: 79: WriteCmdXLCD(0x01);
   650  007FD8  0E01               	movlw	1
   651  007FDA  EC25  F03F         	call	_WriteCmdXLCD
   652  007FDE                     l1271:
   653  007FDE  EC08  F03F         	call	_BusyXLCD	;wreg free
   654  007FE2  0900               	iorlw	0
   655  007FE4  A4D8               	btfss	status,2,c
   656  007FE6  D7FB               	goto	l1271
   657                           
   658                           ;openxlcd.c: 83: WriteCmdXLCD(0b00000100);
   659  007FE8  0E04               	movlw	4
   660  007FEA  EC25  F03F         	call	_WriteCmdXLCD
   661  007FEE                     l1275:
   662  007FEE  EC08  F03F         	call	_BusyXLCD	;wreg free
   663  007FF2  0900               	iorlw	0
   664  007FF4  A4D8               	btfss	status,2,c
   665  007FF6  D7FB               	goto	l1275
   666                           
   667                           ;openxlcd.c: 87: SetDDRamAddr(0x80);
   668  007FF8  0E80               	movlw	128
   669  007FFA  EC63  F03F         	call	_SetDDRamAddr
   670  007FFE  0012               	return		;funcret
   671  008000                     __end_of_OpenXLCD:
   672                           	opt callstack 0
   673                           
   674 ;; *************** function _WriteCmdXLCD *****************
   675 ;; Defined at:
   676 ;;		line 13 in file "XLCD/wcmdxlcd.c"
   677 ;; Parameters:    Size  Location     Type
   678 ;;  cmd             1    wreg     unsigned char 
   679 ;; Auto vars:     Size  Location     Type
   680 ;;  cmd             1    0[COMRAM] unsigned char 
   681 ;; Return value:  Size  Location     Type
   682 ;;                  1    wreg      void 
   683 ;; Registers used:
   684 ;;		wreg, status,2, status,0, cstack
   685 ;; Tracked objects:
   686 ;;		On entry : 0/0
   687 ;;		On exit  : 0/0
   688 ;;		Unchanged: 0/0
   689 ;; Data sizes:     COMRAM   BANK0   BANK1   BANK2   BANK3   BANK4   BANK5   BANK6   BANK7
   690 ;;      Params:         0       0       0       0       0       0       0       0       0
   691 ;;      Locals:         1       0       0       0       0       0       0       0       0
   692 ;;      Temps:          0       0       0       0       0       0       0       0       0
   693 ;;      Totals:         1       0       0       0       0       0       0       0       0
   694 ;;Total ram usage:        1 bytes
   695 ;; Hardware stack levels used:    1
   696 ;; Hardware stack levels required when called:    1
   697 ;; This function calls:
   698 ;;		_DelayFor18TCY
   699 ;; This function is called by:
   700 ;;		_OpenXLCD
   701 ;;		_inicializacionLCD
   702 ;;		_main
   703 ;; This function uses a non-reentrant model
   704 ;;
   705                           
   706                           	psect	text5
   707  007E4A                     __ptext5:
   708                           	opt callstack 0
   709  007E4A                     _WriteCmdXLCD:
   710                           	opt callstack 28
   711                           
   712                           ;incstack = 0
   713                           ;WriteCmdXLCD@cmd stored from wreg
   714  007E4A  6E01               	movwf	WriteCmdXLCD@cmd^0,c
   715                           
   716                           ;wcmdxlcd.c: 28: TRISD &= 0x0f;
   717  007E4C  0E0F               	movlw	15
   718  007E4E  1695               	andwf	149,f,c	;volatile
   719                           
   720                           ;wcmdxlcd.c: 29: PORTD &= 0x0f;
   721  007E50  0E0F               	movlw	15
   722  007E52  1683               	andwf	131,f,c	;volatile
   723                           
   724                           ;wcmdxlcd.c: 30: PORTD |= cmd&0xf0;
   725  007E54  5001               	movf	WriteCmdXLCD@cmd^0,w,c
   726  007E56  0BF0               	andlw	240
   727  007E58  1283               	iorwf	131,f,c	;volatile
   728                           
   729                           ;wcmdxlcd.c: 36: LATEbits.LATE1 = 0;
   730  007E5A  928D               	bcf	141,1,c	;volatile
   731                           
   732                           ;wcmdxlcd.c: 37: LATEbits.LATE0 = 0;
   733  007E5C  908D               	bcf	141,0,c	;volatile
   734                           
   735                           ;wcmdxlcd.c: 38: DelayFor18TCY();
   736  007E5E  EC9E  F03E         	call	_DelayFor18TCY	;wreg free
   737                           
   738                           ;wcmdxlcd.c: 39: LATEbits.LATE2 = 1;
   739  007E62  848D               	bsf	141,2,c	;volatile
   740                           
   741                           ;wcmdxlcd.c: 40: DelayFor18TCY();
   742  007E64  EC9E  F03E         	call	_DelayFor18TCY	;wreg free
   743                           
   744                           ;wcmdxlcd.c: 41: LATEbits.LATE2 = 0;
   745  007E68  948D               	bcf	141,2,c	;volatile
   746                           
   747                           ;wcmdxlcd.c: 43: PORTD &= 0x0f;
   748  007E6A  0E0F               	movlw	15
   749  007E6C  1683               	andwf	131,f,c	;volatile
   750                           
   751                           ;wcmdxlcd.c: 44: PORTD |= (cmd<<4)&0xf0;
   752  007E6E  3801               	swapf	WriteCmdXLCD@cmd^0,w,c
   753  007E70  0BF0               	andlw	240
   754  007E72  0BF0               	andlw	240
   755  007E74  1283               	iorwf	131,f,c	;volatile
   756                           
   757                           ;wcmdxlcd.c: 49: DelayFor18TCY();
   758  007E76  EC9E  F03E         	call	_DelayFor18TCY	;wreg free
   759                           
   760                           ;wcmdxlcd.c: 50: LATEbits.LATE2 = 1;
   761  007E7A  848D               	bsf	141,2,c	;volatile
   762                           
   763                           ;wcmdxlcd.c: 51: DelayFor18TCY();
   764  007E7C  EC9E  F03E         	call	_DelayFor18TCY	;wreg free
   765                           
   766                           ;wcmdxlcd.c: 52: LATEbits.LATE2 = 0;
   767  007E80  948D               	bcf	141,2,c	;volatile
   768                           
   769                           ;wcmdxlcd.c: 54: TRISD |= 0xf0;
   770  007E82  0EF0               	movlw	240
   771  007E84  1295               	iorwf	149,f,c	;volatile
   772  007E86  0012               	return		;funcret
   773  007E88                     __end_of_WriteCmdXLCD:
   774                           	opt callstack 0
   775                           
   776 ;; *************** function _SetDDRamAddr *****************
   777 ;; Defined at:
   778 ;;		line 13 in file "XLCD/setddram.c"
   779 ;; Parameters:    Size  Location     Type
   780 ;;  DDaddr          1    wreg     unsigned char 
   781 ;; Auto vars:     Size  Location     Type
   782 ;;  DDaddr          1    0[COMRAM] unsigned char 
   783 ;; Return value:  Size  Location     Type
   784 ;;                  1    wreg      void 
   785 ;; Registers used:
   786 ;;		wreg, status,2, status,0, cstack
   787 ;; Tracked objects:
   788 ;;		On entry : 0/0
   789 ;;		On exit  : 0/0
   790 ;;		Unchanged: 0/0
   791 ;; Data sizes:     COMRAM   BANK0   BANK1   BANK2   BANK3   BANK4   BANK5   BANK6   BANK7
   792 ;;      Params:         0       0       0       0       0       0       0       0       0
   793 ;;      Locals:         1       0       0       0       0       0       0       0       0
   794 ;;      Temps:          0       0       0       0       0       0       0       0       0
   795 ;;      Totals:         1       0       0       0       0       0       0       0       0
   796 ;;Total ram usage:        1 bytes
   797 ;; Hardware stack levels used:    1
   798 ;; Hardware stack levels required when called:    1
   799 ;; This function calls:
   800 ;;		_DelayFor18TCY
   801 ;; This function is called by:
   802 ;;		_OpenXLCD
   803 ;; This function uses a non-reentrant model
   804 ;;
   805                           
   806                           	psect	text6
   807  007EC6                     __ptext6:
   808                           	opt callstack 0
   809  007EC6                     _SetDDRamAddr:
   810                           	opt callstack 27
   811                           
   812                           ;incstack = 0
   813                           ;SetDDRamAddr@DDaddr stored from wreg
   814  007EC6  6E01               	movwf	SetDDRamAddr@DDaddr^0,c
   815                           
   816                           ;setddram.c: 28: TRISD &= 0x0f;
   817  007EC8  0E0F               	movlw	15
   818  007ECA  1695               	andwf	149,f,c	;volatile
   819                           
   820                           ;setddram.c: 29: PORTD &= 0x0f;
   821  007ECC  0E0F               	movlw	15
   822  007ECE  1683               	andwf	131,f,c	;volatile
   823                           
   824                           ;setddram.c: 30: PORTD |= ((DDaddr | 0b10000000) & 0xf0);
   825  007ED0  5001               	movf	SetDDRamAddr@DDaddr^0,w,c
   826  007ED2  0980               	iorlw	128
   827  007ED4  0BF0               	andlw	240
   828  007ED6  1283               	iorwf	131,f,c	;volatile
   829                           
   830                           ;setddram.c: 36: LATEbits.LATE1 = 0;
   831  007ED8  928D               	bcf	141,1,c	;volatile
   832                           
   833                           ;setddram.c: 37: LATEbits.LATE0 = 0;
   834  007EDA  908D               	bcf	141,0,c	;volatile
   835                           
   836                           ;setddram.c: 38: DelayFor18TCY();
   837  007EDC  EC9E  F03E         	call	_DelayFor18TCY	;wreg free
   838                           
   839                           ;setddram.c: 39: LATEbits.LATE2 = 1;
   840  007EE0  848D               	bsf	141,2,c	;volatile
   841                           
   842                           ;setddram.c: 40: DelayFor18TCY();
   843  007EE2  EC9E  F03E         	call	_DelayFor18TCY	;wreg free
   844                           
   845                           ;setddram.c: 41: LATEbits.LATE2 = 0;
   846  007EE6  948D               	bcf	141,2,c	;volatile
   847                           
   848                           ;setddram.c: 43: PORTD &= 0x0f;
   849  007EE8  0E0F               	movlw	15
   850  007EEA  1683               	andwf	131,f,c	;volatile
   851                           
   852                           ;setddram.c: 44: PORTD |= ((DDaddr<<4)&0xf0);
   853  007EEC  3801               	swapf	SetDDRamAddr@DDaddr^0,w,c
   854  007EEE  0BF0               	andlw	240
   855  007EF0  0BF0               	andlw	240
   856  007EF2  1283               	iorwf	131,f,c	;volatile
   857                           
   858                           ;setddram.c: 49: DelayFor18TCY();
   859  007EF4  EC9E  F03E         	call	_DelayFor18TCY	;wreg free
   860                           
   861                           ;setddram.c: 50: LATEbits.LATE2 = 1;
   862  007EF8  848D               	bsf	141,2,c	;volatile
   863                           
   864                           ;setddram.c: 51: DelayFor18TCY();
   865  007EFA  EC9E  F03E         	call	_DelayFor18TCY	;wreg free
   866                           
   867                           ;setddram.c: 52: LATEbits.LATE2 = 0;
   868  007EFE  948D               	bcf	141,2,c	;volatile
   869                           
   870                           ;setddram.c: 54: TRISD |= 0xf0;
   871  007F00  0EF0               	movlw	240
   872  007F02  1295               	iorwf	149,f,c	;volatile
   873  007F04  0012               	return		;funcret
   874  007F06                     __end_of_SetDDRamAddr:
   875                           	opt callstack 0
   876                           
   877 ;; *************** function _DelayPORXLCD *****************
   878 ;; Defined at:
   879 ;;		line 23 in file "main.c"
   880 ;; Parameters:    Size  Location     Type
   881 ;;		None
   882 ;; Auto vars:     Size  Location     Type
   883 ;;		None
   884 ;; Return value:  Size  Location     Type
   885 ;;                  1    wreg      void 
   886 ;; Registers used:
   887 ;;		wreg, status,2, status,0, cstack
   888 ;; Tracked objects:
   889 ;;		On entry : 0/0
   890 ;;		On exit  : 0/0
   891 ;;		Unchanged: 0/0
   892 ;; Data sizes:     COMRAM   BANK0   BANK1   BANK2   BANK3   BANK4   BANK5   BANK6   BANK7
   893 ;;      Params:         0       0       0       0       0       0       0       0       0
   894 ;;      Locals:         0       0       0       0       0       0       0       0       0
   895 ;;      Temps:          0       0       0       0       0       0       0       0       0
   896 ;;      Totals:         0       0       0       0       0       0       0       0       0
   897 ;;Total ram usage:        0 bytes
   898 ;; Hardware stack levels used:    1
   899 ;; Hardware stack levels required when called:    1
   900 ;; This function calls:
   901 ;;		_delay_ms
   902 ;; This function is called by:
   903 ;;		_OpenXLCD
   904 ;; This function uses a non-reentrant model
   905 ;;
   906                           
   907                           	psect	text7
   908  007D52                     __ptext7:
   909                           	opt callstack 0
   910  007D52                     _DelayPORXLCD:
   911                           	opt callstack 27
   912                           
   913                           ;main.c: 24: delay_ms(15);
   914                           
   915                           ;incstack = 0
   916  007D52  0E0F               	movlw	15
   917  007D54  6E01               	movwf	delay_ms@n^0,c
   918  007D56  0E00               	movlw	0
   919  007D58  6E02               	movwf	(delay_ms@n+1)^0,c
   920  007D5A  0E00               	movlw	0
   921  007D5C  6E03               	movwf	(delay_ms@n+2)^0,c
   922  007D5E  0E00               	movlw	0
   923  007D60  6E04               	movwf	(delay_ms@n+3)^0,c
   924  007D62  ECED  F03E         	call	_delay_ms	;wreg free
   925  007D66  0012               	return		;funcret
   926  007D68                     __end_of_DelayPORXLCD:
   927                           	opt callstack 0
   928                           
   929 ;; *************** function _delay_ms *****************
   930 ;; Defined at:
   931 ;;		line 157 in file "Alteri.h"
   932 ;; Parameters:    Size  Location     Type
   933 ;;  n               4    0[COMRAM] long 
   934 ;; Auto vars:     Size  Location     Type
   935 ;;		None
   936 ;; Return value:  Size  Location     Type
   937 ;;                  1    wreg      void 
   938 ;; Registers used:
   939 ;;		wreg, status,2, status,0
   940 ;; Tracked objects:
   941 ;;		On entry : 0/0
   942 ;;		On exit  : 0/0
   943 ;;		Unchanged: 0/0
   944 ;; Data sizes:     COMRAM   BANK0   BANK1   BANK2   BANK3   BANK4   BANK5   BANK6   BANK7
   945 ;;      Params:         4       0       0       0       0       0       0       0       0
   946 ;;      Locals:         0       0       0       0       0       0       0       0       0
   947 ;;      Temps:          1       0       0       0       0       0       0       0       0
   948 ;;      Totals:         5       0       0       0       0       0       0       0       0
   949 ;;Total ram usage:        5 bytes
   950 ;; Hardware stack levels used:    1
   951 ;; This function calls:
   952 ;;		Nothing
   953 ;; This function is called by:
   954 ;;		_DelayPORXLCD
   955 ;;		_DelayXLCD
   956 ;; This function uses a non-reentrant model
   957 ;;
   958                           
   959                           	psect	text8
   960  007DDA                     __ptext8:
   961                           	opt callstack 0
   962  007DDA                     _delay_ms:
   963                           	opt callstack 27
   964                           
   965                           ;Alteri.h: 159: while(n-- !=0){
   966                           
   967                           ;incstack = 0
   968  007DDA  D008               	goto	l1213
   969  007DDC                     l1211:
   970                           
   971                           ;Alteri.h: 160: _delay((unsigned long)((1)*(48000000/4000.0)));
   972  007DDC  0E10               	movlw	16
   973  007DDE  6E05               	movwf	??_delay_ms^0,c
   974  007DE0  0E94               	movlw	148
   975  007DE2                     u317:
   976  007DE2  2EE8               	decfsz	wreg,f,c
   977  007DE4  D7FE               	bra	u317
   978  007DE6  2E05               	decfsz	??_delay_ms^0,f,c
   979  007DE8  D7FC               	bra	u317
   980  007DEA  D000               	nop2	
   981  007DEC                     l1213:
   982  007DEC  0EFF               	movlw	255
   983  007DEE  2601               	addwf	delay_ms@n^0,f,c
   984  007DF0  0EFF               	movlw	255
   985  007DF2  2202               	addwfc	(delay_ms@n+1)^0,f,c
   986  007DF4  0EFF               	movlw	255
   987  007DF6  2203               	addwfc	(delay_ms@n+2)^0,f,c
   988  007DF8  0EFF               	movlw	255
   989  007DFA  2204               	addwfc	(delay_ms@n+3)^0,f,c
   990  007DFC  2801               	incf	delay_ms@n^0,w,c
   991  007DFE  E1EE               	bnz	l1211
   992  007E00  2802               	incf	(delay_ms@n+1)^0,w,c
   993  007E02  E1EC               	bnz	l1211
   994  007E04  2803               	incf	(delay_ms@n+2)^0,w,c
   995  007E06  E1EA               	bnz	l1211
   996  007E08  2804               	incf	(delay_ms@n+3)^0,w,c
   997  007E0A  B4D8               	btfsc	status,2,c
   998  007E0C  0012               	return	
   999  007E0E  D7E6               	goto	l1211
  1000  007E10                     __end_of_delay_ms:
  1001                           	opt callstack 0
  1002                           
  1003 ;; *************** function _BusyXLCD *****************
  1004 ;; Defined at:
  1005 ;;		line 11 in file "XLCD/busyxlcd.c"
  1006 ;; Parameters:    Size  Location     Type
  1007 ;;		None
  1008 ;; Auto vars:     Size  Location     Type
  1009 ;;		None
  1010 ;; Return value:  Size  Location     Type
  1011 ;;                  1    wreg      unsigned char 
  1012 ;; Registers used:
  1013 ;;		wreg, cstack
  1014 ;; Tracked objects:
  1015 ;;		On entry : 0/0
  1016 ;;		On exit  : 0/0
  1017 ;;		Unchanged: 0/0
  1018 ;; Data sizes:     COMRAM   BANK0   BANK1   BANK2   BANK3   BANK4   BANK5   BANK6   BANK7
  1019 ;;      Params:         0       0       0       0       0       0       0       0       0
  1020 ;;      Locals:         0       0       0       0       0       0       0       0       0
  1021 ;;      Temps:          0       0       0       0       0       0       0       0       0
  1022 ;;      Totals:         0       0       0       0       0       0       0       0       0
  1023 ;;Total ram usage:        0 bytes
  1024 ;; Hardware stack levels used:    1
  1025 ;; Hardware stack levels required when called:    1
  1026 ;; This function calls:
  1027 ;;		_DelayFor18TCY
  1028 ;; This function is called by:
  1029 ;;		_OpenXLCD
  1030 ;;		_putrsXLCD
  1031 ;;		_putsXLCD
  1032 ;; This function uses a non-reentrant model
  1033 ;;
  1034                           
  1035                           	psect	text9
  1036  007E10                     __ptext9:
  1037                           	opt callstack 0
  1038  007E10                     _BusyXLCD:
  1039                           	opt callstack 28
  1040                           
  1041                           ;busyxlcd.c: 13: LATEbits.LATE1 = 1;
  1042                           
  1043                           ;incstack = 0
  1044  007E10  828D               	bsf	141,1,c	;volatile
  1045                           
  1046                           ;busyxlcd.c: 14: LATEbits.LATE0 = 0;
  1047  007E12  908D               	bcf	141,0,c	;volatile
  1048                           
  1049                           ;busyxlcd.c: 15: DelayFor18TCY();
  1050  007E14  EC9E  F03E         	call	_DelayFor18TCY	;wreg free
  1051                           
  1052                           ;busyxlcd.c: 16: LATEbits.LATE2 = 1;
  1053  007E18  848D               	bsf	141,2,c	;volatile
  1054                           
  1055                           ;busyxlcd.c: 17: DelayFor18TCY();
  1056  007E1A  EC9E  F03E         	call	_DelayFor18TCY	;wreg free
  1057                           
  1058                           ;busyxlcd.c: 33: if(PORTD&0x80)
  1059  007E1E  AE83               	btfss	131,7,c	;volatile
  1060  007E20  D00A               	goto	l9
  1061                           
  1062                           ;busyxlcd.c: 37: {;busyxlcd.c: 38: LATEbits.LATE2 = 0;
  1063  007E22  948D               	bcf	141,2,c	;volatile
  1064                           
  1065                           ;busyxlcd.c: 39: DelayFor18TCY();
  1066  007E24  EC9E  F03E         	call	_DelayFor18TCY	;wreg free
  1067                           
  1068                           ;busyxlcd.c: 40: LATEbits.LATE2 = 1;
  1069  007E28  848D               	bsf	141,2,c	;volatile
  1070                           
  1071                           ;busyxlcd.c: 41: DelayFor18TCY();
  1072  007E2A  EC9E  F03E         	call	_DelayFor18TCY	;wreg free
  1073                           
  1074                           ;busyxlcd.c: 42: LATEbits.LATE2 = 0;
  1075  007E2E  948D               	bcf	141,2,c	;volatile
  1076                           
  1077                           ;busyxlcd.c: 43: LATEbits.LATE1 = 0;
  1078  007E30  928D               	bcf	141,1,c	;volatile
  1079                           
  1080                           ;busyxlcd.c: 44: return 1;
  1081  007E32  0E01               	movlw	1
  1082  007E34  0012               	return	
  1083  007E36                     l9:
  1084                           
  1085                           ;busyxlcd.c: 46: else;busyxlcd.c: 47: {;busyxlcd.c: 48: LATEbits.LATE2 = 0;
  1086  007E36  948D               	bcf	141,2,c	;volatile
  1087                           
  1088                           ;busyxlcd.c: 49: DelayFor18TCY();
  1089  007E38  EC9E  F03E         	call	_DelayFor18TCY	;wreg free
  1090                           
  1091                           ;busyxlcd.c: 50: LATEbits.LATE2 = 1;
  1092  007E3C  848D               	bsf	141,2,c	;volatile
  1093                           
  1094                           ;busyxlcd.c: 51: DelayFor18TCY();
  1095  007E3E  EC9E  F03E         	call	_DelayFor18TCY	;wreg free
  1096                           
  1097                           ;busyxlcd.c: 52: LATEbits.LATE2 = 0;
  1098  007E42  948D               	bcf	141,2,c	;volatile
  1099                           
  1100                           ;busyxlcd.c: 53: LATEbits.LATE1 = 0;
  1101  007E44  928D               	bcf	141,1,c	;volatile
  1102                           
  1103                           ;busyxlcd.c: 54: return 0;
  1104  007E46  0E00               	movlw	0
  1105  007E48  0012               	return		;funcret
  1106  007E4A                     __end_of_BusyXLCD:
  1107                           	opt callstack 0
  1108                           
  1109 ;; *************** function _DelayFor18TCY *****************
  1110 ;; Defined at:
  1111 ;;		line 20 in file "main.c"
  1112 ;; Parameters:    Size  Location     Type
  1113 ;;		None
  1114 ;; Auto vars:     Size  Location     Type
  1115 ;;		None
  1116 ;; Return value:  Size  Location     Type
  1117 ;;                  1    wreg      void 
  1118 ;; Registers used:
  1119 ;;		wreg
  1120 ;; Tracked objects:
  1121 ;;		On entry : 0/0
  1122 ;;		On exit  : 0/0
  1123 ;;		Unchanged: 0/0
  1124 ;; Data sizes:     COMRAM   BANK0   BANK1   BANK2   BANK3   BANK4   BANK5   BANK6   BANK7
  1125 ;;      Params:         0       0       0       0       0       0       0       0       0
  1126 ;;      Locals:         0       0       0       0       0       0       0       0       0
  1127 ;;      Temps:          0       0       0       0       0       0       0       0       0
  1128 ;;      Totals:         0       0       0       0       0       0       0       0       0
  1129 ;;Total ram usage:        0 bytes
  1130 ;; Hardware stack levels used:    1
  1131 ;; This function calls:
  1132 ;;		Nothing
  1133 ;; This function is called by:
  1134 ;;		_BusyXLCD
  1135 ;;		_SetDDRamAddr
  1136 ;;		_WriteCmdXLCD
  1137 ;;		_WriteDataXLCD
  1138 ;;		_ReadAddrXLCD
  1139 ;;		_ReadDataXLCD
  1140 ;;		_SetCGRamAddr
  1141 ;; This function uses a non-reentrant model
  1142 ;;
  1143                           
  1144                           	psect	text10
  1145  007D3C                     __ptext10:
  1146                           	opt callstack 0
  1147  007D3C                     _DelayFor18TCY:
  1148                           	opt callstack 28
  1149                           
  1150                           ;main.c: 21: _delay(240);
  1151                           
  1152                           ;incstack = 0
  1153  007D3C  0E50               	movlw	80
  1154  007D3E                     u327:
  1155  007D3E  2EE8               	decfsz	wreg,f,c
  1156  007D40  D7FE               	bra	u327
  1157  007D42  0012               	return		;funcret
  1158  007D44                     __end_of_DelayFor18TCY:
  1159                           	opt callstack 0
  1160                           
  1161                           	psect	rparam
  1162  0000                     tosu	equ	0xFFF
  1163                           tosh	equ	0xFFE
  1164                           tosl	equ	0xFFD
  1165                           stkptr	equ	0xFFC
  1166                           pclatu	equ	0xFFB
  1167                           pclath	equ	0xFFA
  1168                           pcl	equ	0xFF9
  1169                           tblptru	equ	0xFF8
  1170                           tblptrh	equ	0xFF7
  1171                           tblptrl	equ	0xFF6
  1172                           tablat	equ	0xFF5
  1173                           prodh	equ	0xFF4
  1174                           prodl	equ	0xFF3
  1175                           indf0	equ	0xFEF
  1176                           postinc0	equ	0xFEE
  1177                           postdec0	equ	0xFED
  1178                           preinc0	equ	0xFEC
  1179                           plusw0	equ	0xFEB
  1180                           fsr0h	equ	0xFEA
  1181                           fsr0l	equ	0xFE9
  1182                           wreg	equ	0xFE8
  1183                           indf1	equ	0xFE7
  1184                           postinc1	equ	0xFE6
  1185                           postdec1	equ	0xFE5
  1186                           preinc1	equ	0xFE4
  1187                           plusw1	equ	0xFE3
  1188                           fsr1h	equ	0xFE2
  1189                           fsr1l	equ	0xFE1
  1190                           bsr	equ	0xFE0
  1191                           indf2	equ	0xFDF
  1192                           postinc2	equ	0xFDE
  1193                           postdec2	equ	0xFDD
  1194                           preinc2	equ	0xFDC
  1195                           plusw2	equ	0xFDB
  1196                           fsr2h	equ	0xFDA
  1197                           fsr2l	equ	0xFD9
  1198                           status	equ	0xFD8


Data Sizes:
    Strings     28
    Constant    0
    Data        0
    BSS         0
    Persistent  0
    Stack       0

Auto Spaces:
    Space          Size  Autos    Used
    COMRAM           95      7       7
    BANK0           160      0       0
    BANK1           256      0       0
    BANK2           256      0       0
    BANK3           256      0       0
    BANK4           256      0       0
    BANK5           256      0       0
    BANK6           256      0       0
    BANK7           256      0       0

Pointer List with Targets:

    putrsXLCD@buffer	PTR const unsigned char  size(2) Largest target is 14
		 -> STR_2(CODE[14]), STR_1(CODE[14]), 


Critical Paths under _main in COMRAM

    _putrsXLCD->_WriteDataXLCD
    _inicializacionLCD->_OpenXLCD
    _DelayPORXLCD->_delay_ms

Critical Paths under _main in BANK0

    None.

Critical Paths under _main in BANK1

    None.

Critical Paths under _main in BANK2

    None.

Critical Paths under _main in BANK3

    None.

Critical Paths under _main in BANK4

    None.

Critical Paths under _main in BANK5

    None.

Critical Paths under _main in BANK6

    None.

Critical Paths under _main in BANK7

    None.

Call Graph Tables:

 ---------------------------------------------------------------------------------
 (Depth) Function   	        Calls       Base Space   Used Autos Params    Refs
 ---------------------------------------------------------------------------------
 (0) _main                                                 0     0      0     543
                       _WriteCmdXLCD
                  _inicializacionLCD
                          _putrsXLCD
 ---------------------------------------------------------------------------------
 (1) _putrsXLCD                                            2     0      2     227
                                              1 COMRAM     2     0      2
                           _BusyXLCD
                      _WriteDataXLCD
 ---------------------------------------------------------------------------------
 (2) _WriteDataXLCD                                        1     1      0      30
                                              0 COMRAM     1     1      0
                      _DelayFor18TCY
 ---------------------------------------------------------------------------------
 (1) _inicializacionLCD                                    0     0      0     286
                           _OpenXLCD
                       _WriteCmdXLCD
 ---------------------------------------------------------------------------------
 (2) _OpenXLCD                                             2     2      0     256
                                              5 COMRAM     2     2      0
                           _BusyXLCD
                       _DelayPORXLCD
                       _SetDDRamAddr
                       _WriteCmdXLCD
 ---------------------------------------------------------------------------------
 (2) _WriteCmdXLCD                                         1     1      0      30
                                              0 COMRAM     1     1      0
                      _DelayFor18TCY
 ---------------------------------------------------------------------------------
 (3) _SetDDRamAddr                                         1     1      0      30
                                              0 COMRAM     1     1      0
                      _DelayFor18TCY
 ---------------------------------------------------------------------------------
 (3) _DelayPORXLCD                                         0     0      0     174
                           _delay_ms
 ---------------------------------------------------------------------------------
 (4) _delay_ms                                             5     1      4     174
                                              0 COMRAM     5     1      4
 ---------------------------------------------------------------------------------
 (2) _BusyXLCD                                             0     0      0       0
                      _DelayFor18TCY
 ---------------------------------------------------------------------------------
 (3) _DelayFor18TCY                                        0     0      0       0
 ---------------------------------------------------------------------------------
 Estimated maximum stack depth 4
 ---------------------------------------------------------------------------------

 Call Graph Graphs:

 _main (ROOT)
   _WriteCmdXLCD
     _DelayFor18TCY
   _inicializacionLCD
     _OpenXLCD
       _BusyXLCD
         _DelayFor18TCY
       _DelayPORXLCD
         _delay_ms
       _SetDDRamAddr
         _DelayFor18TCY
       _WriteCmdXLCD
         _DelayFor18TCY
     _WriteCmdXLCD
       _DelayFor18TCY
   _putrsXLCD
     _BusyXLCD
       _DelayFor18TCY
     _WriteDataXLCD
       _DelayFor18TCY

 Address spaces:
Name               Size   Autos  Total    Cost      Usage
BITCOMRAM           5F      0       0       0        0.0%
EEDATA             100      0       0       0        0.0%
NULL                 0      0       0       0        0.0%
CODE                 0      0       0       0        0.0%
COMRAM              5F      7       7       1        7.4%
STACK                0      0       0       2        0.0%
DATA                 0      0       0       3        0.0%
BITBANK0            A0      0       0       4        0.0%
BANK0               A0      0       0       5        0.0%
BITBANK1           100      0       0       6        0.0%
BANK1              100      0       0       7        0.0%
BITBANK2           100      0       0       8        0.0%
BANK2              100      0       0       9        0.0%
BITBANK3           100      0       0      10        0.0%
BANK3              100      0       0      11        0.0%
BITBANK4           100      0       0      12        0.0%
BANK4              100      0       0      13        0.0%
BITBANK5           100      0       0      14        0.0%
BANK5              100      0       0      15        0.0%
BITBANK6           100      0       0      16        0.0%
BANK6              100      0       0      17        0.0%
BITBANK7           100      0       0      18        0.0%
BANK7              100      0       0      19        0.0%
ABS                  0      0       0      20        0.0%
BIGRAM             7FF      0       0      21        0.0%
BITSFR               0      0       0     200        0.0%
SFR                  0      0       0     200        0.0%


Microchip Technology PIC18 Macro Assembler V2.10 build 88905656 
Symbol Table                                                                                   Sun Mar 15 20:24:53 2020

                         l9 7E36                 __CFG_BOR$ON 000000                 __CFG_BORV$3 000000  
              __CFG_CP0$OFF 000000                __CFG_CP1$OFF 000000                         l163 7DA4  
              __CFG_CPB$OFF 000000                         u150 7F9E                         u307 7F86  
                       u317 7DE2                         u327 7D3E                         u247 7F2C  
                       u257 7F3A                         u267 7F48                         u277 7F56  
                       u287 7F64                         u297 7F72       __size_of_WriteCmdXLCD 003E  
                       wreg 000FE8                __CFG_LVP$OFF 000000                __CFG_WDT$OFF 000000  
                      l1211 7DDC                        l1213 7DEC                        l1253 7F94  
                      l1271 7FDE                        l1263 7FBE                        l1275 7FEE  
                      l1267 7FCE                        l1259 7FAE                        l1283 7DA8  
                      l1289 7DC6                        STR_1 1005                        STR_2 1013  
                      _main 7D82      __size_of_WriteDataXLCD 003E                        start 1000  
             __CFG_IESO$OFF 000000               __CFG_MCLRE$ON 000000                ___param_bank 000000  
         _inicializacionLCD 7D68          ?_inicializacionLCD 0001                _WriteCmdXLCD 7E4A  
             __CFG_PLLDIV$5 000000               ?_SetDDRamAddr 0001                       ?_main 0001  
       ??_inicializacionLCD 0008                       _PORTD 000F83               __CFG_USBDIV$2 000000  
                     _TRISD 000F95               __CFG_PWRT$OFF 000000               __CFG_WRT0$OFF 000000  
             __CFG_WRT1$OFF 000000              __CFG_EBTR0$OFF 000000              __CFG_FCMEN$OFF 000000  
            __CFG_EBTR1$OFF 000000               __CFG_WRTB$OFF 000000               __CFG_WRTC$OFF 000000  
            __CFG_EBTRB$OFF 000000                       tablat 000FF5                       status 000FD8  
 __end_of_inicializacionLCD 7D82             __initialization 7D44                __end_of_main 7DA6  
          __end_of_BusyXLCD 7E4A       __size_of_DelayPORXLCD 0016              ??_SetDDRamAddr 0001  
          __end_of_OpenXLCD 8000                      ??_main 0008               __activetblptr 000001  
             _WriteDataXLCD 7E88              __CFG_VREGEN$ON 000000            __end_of_delay_ms 7E10  
              _DelayPORXLCD 7D52              __CFG_XINST$OFF 000000              __CFG_STVREN$ON 000000  
            ?_WriteDataXLCD 0001                __mediumconst 0000                      tblptrh 000FF7  
                    tblptrl 000FF6                      tblptru 000FF8                  __accesstop 0060  
   __end_of__initialization 7D44             __CFG_PBADEN$OFF 000000               ___rparam_used 000001  
__size_of_inicializacionLCD 001A              __pcstackCOMRAM 0001      __size_of_DelayFor18TCY 0008  
                 ?_BusyXLCD 0001             WriteCmdXLCD@cmd 0001        __end_of_SetDDRamAddr 7F06  
                 ?_OpenXLCD 0001           WriteDataXLCD@data 0001             ??_WriteDataXLCD 0001  
                 ?_delay_ms 0001          __size_of_putrsXLCD 0034                  ??_BusyXLCD 0001  
                ??_OpenXLCD 0006                     __Hparam 0000                     __Lparam 0000  
             _DelayFor18TCY 7D3C                __psmallconst 1004                     __pcinit 7D44  
           putrsXLCD@buffer 0002                     __ramtop 0800                     __ptext0 7D82  
                   __ptext1 7DA6                     __ptext2 7E88                     __ptext3 7D68  
                   __ptext4 7F06                     __ptext5 7E4A                     __ptext6 7EC6  
                   __ptext7 7D52                     __ptext8 7DDA                     __ptext9 7E10  
                ??_delay_ms 0005        end_of_initialization 7D44              ?_DelayFor18TCY 0001  
         __end_of_putrsXLCD 7DDA                   _TRISEbits 000F96       __size_of_SetDDRamAddr 0040  
              _SetDDRamAddr 7EC6          SetDDRamAddr@DDaddr 0001         start_initialization 7D44  
         __size_of_BusyXLCD 003A             ??_DelayFor18TCY 0001           __size_of_OpenXLCD 00FA  
             ?_WriteCmdXLCD 0001            __CFG_LPT1OSC$OFF 000000           __size_of_delay_ms 0036  
            ??_WriteCmdXLCD 0001       __end_of_WriteDataXLCD 7EC6                 __smallconst 1004  
                  _LATEbits 000F8D                   delay_ms@n 0001               ?_DelayPORXLCD 0001  
           OpenXLCD@lcdtype 0007            __CFG_WDTPS$32768 000000                   _putrsXLCD 7DA6  
                  _BusyXLCD 7E10              ??_DelayPORXLCD 0006                    _OpenXLCD 7F06  
                  __Hrparam 0000                    __Lrparam 0000                __Lsmallconst 1004  
                ?_putrsXLCD 0002                    _delay_ms 7DDA                    __ptext10 7D3C  
      __end_of_WriteCmdXLCD 7E88               __size_of_main 0024       __CFG_CPUDIV$OSC1_PLL2 000000  
     __end_of_DelayFor18TCY 7D44        __end_of_DelayPORXLCD 7D68                 ??_putrsXLCD 0004  
        __CFG_FOSC$HSPLL_HS 000000  
