

Microchip MPLAB XC8 Assembler V2.10 build 88905656 
                                                                                               Wed Mar 18 23:36:19 2020

Microchip MPLAB XC8 C Compiler v2.10 (Free license) build 20190730164152 Og1 
     1                           	processor	18F4550
     2                           	fnconf	rparam,??,?,0
     3                           	opt	pw 120
     4                           	opt	flic
     5                           	psect	smallconst,global,reloc=2,class=SMALLCONST,delta=1,noexec
     6                           	psect	cinit,global,reloc=2,class=CODE,delta=1
     7                           	psect	cstackCOMRAM,global,class=COMRAM,space=1,delta=1,noexec
     8                           	psect	text0,global,reloc=2,class=CODE,delta=1
     9                           	psect	text1,global,reloc=2,class=CODE,delta=1
    10                           	psect	text2,global,reloc=2,class=CODE,delta=1
    11                           	psect	text3,global,reloc=2,class=CODE,delta=1
    12                           	psect	text4,global,reloc=2,class=CODE,delta=1
    13                           	psect	text5,global,reloc=2,class=CODE,delta=1
    14                           	psect	text6,global,reloc=2,class=CODE,delta=1
    15                           	psect	text7,global,reloc=2,class=CODE,delta=1
    16                           	psect	text8,global,reloc=2,class=CODE,delta=1
    17                           	psect	text9,global,reloc=2,class=CODE,delta=1
    18                           	psect	text10,global,reloc=2,class=CODE,delta=1
    19                           	psect	intsave_regs,global,class=BIGRAM,space=1,delta=1,noexec
    20                           	psect	rparam,global,class=COMRAM,space=1,delta=1,noexec
    21  0000                     
    22                           ; Version 2.10
    23                           ; Generated 31/07/2019 GMT
    24                           ; 
    25                           ; Copyright © 2019, Microchip Technology Inc. and its subsidiaries ("Microchip")
    26                           ; All rights reserved.
    27                           ; 
    28                           ; This software is developed by Microchip Technology Inc. and its subsidiaries ("Microch
      +                          ip").
    29                           ; 
    30                           ; Redistribution and use in source and binary forms, with or without modification, are
    31                           ; permitted provided that the following conditions are met:
    32                           ; 
    33                           ;     1. Redistributions of source code must retain the above copyright notice, this lis
      +                          t of
    34                           ;        conditions and the following disclaimer.
    35                           ; 
    36                           ;     2. Redistributions in binary form must reproduce the above copyright notice, this 
      +                          list
    37                           ;        of conditions and the following disclaimer in the documentation and/or other
    38                           ;        materials provided with the distribution.
    39                           ; 
    40                           ;     3. Microchip's name may not be used to endorse or promote products derived from th
      +                          is
    41                           ;        software without specific prior written permission.
    42                           ; 
    43                           ; THIS SOFTWARE IS PROVIDED BY MICROCHIP "AS IS" AND ANY EXPRESS OR IMPLIED WARRANTIES,
    44                           ; INCLUDING, BUT NOT LIMITED TO, THE IMPLIED WARRANTIES OF MERCHANTABILITY AND FITNESS F
      +                          OR
    45                           ; PURPOSE ARE DISCLAIMED.  IN NO EVENT SHALL MICROCHIP BE LIABLE FOR ANY DIRECT, INDIREC
      +                          T,
    46                           ; INCIDENTAL, SPECIAL, EXEMPLARY, OR CONSEQUENTIAL DAMAGES (INCLUDING BUT NOT LIMITED TO
    47                           ; PROCUREMENT OF SUBSTITUTE GOODS OR SERVICES; LOSS OF USE, DATA OR PROFITS; OR BUSINESS
    48                           ; INTERRUPTION) HOWSOEVER CAUSED AND ON ANY THEORY OF LIABILITY, WHETHER IN CONTRACT, ST
      +                          RICT
    49                           ; LIABILITY, OR TORT (INCLUDING NEGLIGENCE OR OTHERWISE) ARISING IN ANY WAY OUT OF THE U
      +                          SE OF
    50                           ; THIS SOFTWARE, EVEN IF ADVISED OF THE POSSIBILITY OF SUCH DAMAGE.
    51                           ; 
    52                           ; 
    53                           ; Code-generator required, PIC18F4550 Definitions
    54                           ; 
    55                           ; SFR Addresses
    56  0000                     _TRISEbits	set	3990
    57  0000                     _TRISD	set	3989
    58  0000                     _PORTD	set	3971
    59  0000                     _LATEbits	set	3981
    60                           
    61                           	psect	smallconst
    62  001004                     __psmallconst:
    63                           	opt callstack 0
    64  001004  00                 	db	0
    65  001005                     STR_1:
    66  001005  20                 	db	32
    67  001006  20                 	db	32
    68  001007  20                 	db	32
    69  001008  48                 	db	72	;'H'
    70  001009  4F                 	db	79	;'O'
    71  00100A  4C                 	db	76	;'L'
    72  00100B  41                 	db	65	;'A'
    73  00100C  20                 	db	32
    74  00100D  4D                 	db	77	;'M'
    75  00100E  55                 	db	85	;'U'
    76  00100F  4E                 	db	78	;'N'
    77  001010  44                 	db	68	;'D'
    78  001011  4F                 	db	79	;'O'
    79  001012  00                 	db	0
    80  001013                     STR_2:
    81  001013  20                 	db	32
    82  001014  20                 	db	32
    83  001015  41                 	db	65	;'A'
    84  001016  44                 	db	68	;'D'
    85  001017  49                 	db	73	;'I'
    86  001018  4F                 	db	79	;'O'
    87  001019  53                 	db	83	;'S'
    88  00101A  20                 	db	32
    89  00101B  4D                 	db	77	;'M'
    90  00101C  55                 	db	85	;'U'
    91  00101D  4E                 	db	78	;'N'
    92  00101E  44                 	db	68	;'D'
    93  00101F  4F                 	db	79	;'O'
    94  001020  00                 	db	0
    95                           
    96                           ; #config settings
    97  001021  00                 	db	0	; dummy byte at the end
    98  0000                     
    99                           	psect	cinit
   100  007D2C                     __pcinit:
   101                           	opt callstack 0
   102  007D2C                     start_initialization:
   103                           	opt callstack 0
   104  007D2C                     __initialization:
   105                           	opt callstack 0
   106  007D2C                     end_of_initialization:
   107                           	opt callstack 0
   108  007D2C                     __end_of__initialization:
   109                           	opt callstack 0
   110  007D2C  0E00               	movlw	low (__Lsmallconst shr (0+16))
   111  007D2E  6EF8               	movwf	tblptru,c
   112  007D30  0E10               	movlw	high __Lsmallconst
   113  007D32  6EF7               	movwf	tblptrh,c
   114  007D34  0100               	movlb	0
   115  007D36  EFB5  F03E         	goto	_main	;jump to C main() function
   116                           
   117                           	psect	cstackCOMRAM
   118  000001                     __pcstackCOMRAM:
   119                           	opt callstack 0
   120  000001                     ??_SetDDRamAddr:
   121  000001                     WriteCmdXLCD@cmd:
   122                           	opt callstack 0
   123  000001                     WriteDataXLCD@data:
   124                           	opt callstack 0
   125  000001                     delay_ms@n:
   126                           	opt callstack 0
   127                           
   128                           ; 4 bytes @ 0x0
   129  000001                     	ds	1
   130  000002                     putrsXLCD@buffer:
   131                           	opt callstack 0
   132                           
   133                           ; 2 bytes @ 0x1
   134  000002                     	ds	2
   135  000004                     SetDDRamAddr@DDaddr:
   136                           	opt callstack 0
   137                           
   138                           ; 1 bytes @ 0x3
   139  000004                     	ds	1
   140  000005                     ??_delay_ms:
   141                           
   142                           ; 1 bytes @ 0x4
   143  000005                     	ds	1
   144  000006                     ??_OpenXLCD:
   145                           
   146                           ; 1 bytes @ 0x5
   147  000006                     	ds	1
   148  000007                     OpenXLCD@lcdtype:
   149                           	opt callstack 0
   150                           
   151                           ; 1 bytes @ 0x6
   152  000007                     	ds	1
   153  000008                     
   154                           ; 1 bytes @ 0x7
   155 ;;
   156 ;;Main: autosize = 0, tempsize = 0, incstack = 0, save=0
   157 ;;
   158 ;; *************** function _main *****************
   159 ;; Defined at:
   160 ;;		line 11 in file "main.c"
   161 ;; Parameters:    Size  Location     Type
   162 ;;		None
   163 ;; Auto vars:     Size  Location     Type
   164 ;;		None
   165 ;; Return value:  Size  Location     Type
   166 ;;                  1    wreg      void 
   167 ;; Registers used:
   168 ;;		wreg, status,2, status,0, tblptrl, tblptrh, tblptru, cstack
   169 ;; Tracked objects:
   170 ;;		On entry : 0/0
   171 ;;		On exit  : 0/0
   172 ;;		Unchanged: 0/0
   173 ;; Data sizes:     COMRAM   BANK0   BANK1   BANK2   BANK3   BANK4   BANK5   BANK6   BANK7
   174 ;;      Params:         0       0       0       0       0       0       0       0       0
   175 ;;      Locals:         0       0       0       0       0       0       0       0       0
   176 ;;      Temps:          0       0       0       0       0       0       0       0       0
   177 ;;      Totals:         0       0       0       0       0       0       0       0       0
   178 ;;Total ram usage:        0 bytes
   179 ;; Hardware stack levels required when called:    4
   180 ;; This function calls:
   181 ;;		_WriteCmdXLCD
   182 ;;		_inicializacionLCD
   183 ;;		_putrsXLCD
   184 ;; This function is called by:
   185 ;;		Startup code after reset
   186 ;; This function uses a non-reentrant model
   187 ;;
   188                           
   189                           	psect	text0
   190  007D6A                     __ptext0:
   191                           	opt callstack 0
   192  007D6A                     _main:
   193                           	opt callstack 27
   194                           
   195                           ;main.c: 13: inicializacionLCD();
   196                           
   197                           ;incstack = 0
   198  007D6A  ECA8  F03E         	call	_inicializacionLCD	;wreg free
   199                           
   200                           ;main.c: 14: putrsXLCD("   HOLA MUNDO");
   201  007D6E  0E05               	movlw	low STR_1
   202  007D70  6E02               	movwf	putrsXLCD@buffer^0,c
   203  007D72  0E10               	movlw	high STR_1
   204  007D74  6E03               	movwf	(putrsXLCD@buffer+1)^0,c
   205  007D76  ECC7  F03E         	call	_putrsXLCD	;wreg free
   206                           
   207                           ;main.c: 15: WriteCmdXLCD(0b11000000);
   208  007D7A  0EC0               	movlw	192
   209  007D7C  EC19  F03F         	call	_WriteCmdXLCD
   210                           
   211                           ;main.c: 16: putrsXLCD("  ADIOS MUNDO");
   212  007D80  0E13               	movlw	low STR_2
   213  007D82  6E02               	movwf	putrsXLCD@buffer^0,c
   214  007D84  0E10               	movlw	high STR_2
   215  007D86  6E03               	movwf	(putrsXLCD@buffer+1)^0,c
   216  007D88  ECC7  F03E         	call	_putrsXLCD	;wreg free
   217  007D8C                     l163:
   218  007D8C  D7FF               	goto	l163
   219  007D8E                     __end_of_main:
   220                           	opt callstack 0
   221                           
   222 ;; *************** function _putrsXLCD *****************
   223 ;; Defined at:
   224 ;;		line 16 in file "XLCD/putrxlcd.c"
   225 ;; Parameters:    Size  Location     Type
   226 ;;  buffer          2    1[COMRAM] PTR const unsigned char 
   227 ;;		 -> STR_2(14), STR_1(14), 
   228 ;; Auto vars:     Size  Location     Type
   229 ;;		None
   230 ;; Return value:  Size  Location     Type
   231 ;;                  1    wreg      void 
   232 ;; Registers used:
   233 ;;		wreg, status,2, status,0, tblptrl, tblptrh, tblptru, cstack
   234 ;; Tracked objects:
   235 ;;		On entry : 0/0
   236 ;;		On exit  : 0/0
   237 ;;		Unchanged: 0/0
   238 ;; Data sizes:     COMRAM   BANK0   BANK1   BANK2   BANK3   BANK4   BANK5   BANK6   BANK7
   239 ;;      Params:         2       0       0       0       0       0       0       0       0
   240 ;;      Locals:         0       0       0       0       0       0       0       0       0
   241 ;;      Temps:          0       0       0       0       0       0       0       0       0
   242 ;;      Totals:         2       0       0       0       0       0       0       0       0
   243 ;;Total ram usage:        2 bytes
   244 ;; Hardware stack levels used:    1
   245 ;; Hardware stack levels required when called:    2
   246 ;; This function calls:
   247 ;;		_BusyXLCD
   248 ;;		_WriteDataXLCD
   249 ;; This function is called by:
   250 ;;		_main
   251 ;; This function uses a non-reentrant model
   252 ;;
   253                           
   254                           	psect	text1
   255  007D8E                     __ptext1:
   256                           	opt callstack 0
   257  007D8E                     _putrsXLCD:
   258                           	opt callstack 28
   259                           
   260                           ;putrxlcd.c: 18: while(*buffer)
   261                           
   262                           ;incstack = 0
   263  007D8E  D00F               	goto	l1289
   264  007D90                     l1283:
   265  007D90  ECFC  F03E         	call	_BusyXLCD	;wreg free
   266  007D94  0900               	iorlw	0
   267  007D96  A4D8               	btfss	status,2,c
   268  007D98  D7FB               	goto	l1283
   269                           
   270                           ;putrxlcd.c: 21: WriteDataXLCD(*buffer);
   271  007D9A  C002  FFF6         	movff	putrsXLCD@buffer,tblptrl
   272  007D9E  C003  FFF7         	movff	putrsXLCD@buffer+1,tblptrh
   273  007DA2                     	if	0	;tblptru may be non-zero
   274  007DA2                     	endif
   275  007DA2                     	if	0	;tblptru may be non-zero
   276  007DA2                     	endif
   277  007DA2  0008               	tblrd		*
   278  007DA4  50F5               	movf	tablat,w,c
   279  007DA6  EC38  F03F         	call	_WriteDataXLCD
   280                           
   281                           ;putrxlcd.c: 22: buffer++;
   282  007DAA  4A02               	infsnz	putrsXLCD@buffer^0,f,c
   283  007DAC  2A03               	incf	(putrsXLCD@buffer+1)^0,f,c
   284  007DAE                     l1289:
   285  007DAE  C002  FFF6         	movff	putrsXLCD@buffer,tblptrl
   286  007DB2  C003  FFF7         	movff	putrsXLCD@buffer+1,tblptrh
   287  007DB6                     	if	0	;tblptru may be non-zero
   288  007DB6                     	endif
   289  007DB6                     	if	0	;tblptru may be non-zero
   290  007DB6                     	endif
   291  007DB6  0008               	tblrd		*
   292  007DB8  50F5               	movf	tablat,w,c
   293  007DBA  0900               	iorlw	0
   294  007DBC  B4D8               	btfsc	status,2,c
   295  007DBE  0012               	return	
   296  007DC0  D7E7               	goto	l1283
   297  007DC2                     __end_of_putrsXLCD:
   298                           	opt callstack 0
   299                           
   300 ;; *************** function _WriteDataXLCD *****************
   301 ;; Defined at:
   302 ;;		line 16 in file "XLCD/writdata.c"
   303 ;; Parameters:    Size  Location     Type
   304 ;;  data            1    wreg     unsigned char 
   305 ;; Auto vars:     Size  Location     Type
   306 ;;  data            1    0[COMRAM] unsigned char 
   307 ;; Return value:  Size  Location     Type
   308 ;;                  1    wreg      void 
   309 ;; Registers used:
   310 ;;		wreg, status,2, status,0, cstack
   311 ;; Tracked objects:
   312 ;;		On entry : 0/0
   313 ;;		On exit  : 0/0
   314 ;;		Unchanged: 0/0
   315 ;; Data sizes:     COMRAM   BANK0   BANK1   BANK2   BANK3   BANK4   BANK5   BANK6   BANK7
   316 ;;      Params:         0       0       0       0       0       0       0       0       0
   317 ;;      Locals:         1       0       0       0       0       0       0       0       0
   318 ;;      Temps:          0       0       0       0       0       0       0       0       0
   319 ;;      Totals:         1       0       0       0       0       0       0       0       0
   320 ;;Total ram usage:        1 bytes
   321 ;; Hardware stack levels used:    1
   322 ;; Hardware stack levels required when called:    1
   323 ;; This function calls:
   324 ;;		_DelayFor18TCY
   325 ;; This function is called by:
   326 ;;		_putrsXLCD
   327 ;;		_putsXLCD
   328 ;; This function uses a non-reentrant model
   329 ;;
   330                           
   331                           	psect	text2
   332  007E70                     __ptext2:
   333                           	opt callstack 0
   334  007E70                     _WriteDataXLCD:
   335                           	opt callstack 28
   336                           
   337                           ;incstack = 0
   338                           ;WriteDataXLCD@data stored from wreg
   339  007E70  6E01               	movwf	WriteDataXLCD@data^0,c
   340                           
   341                           ;writdata.c: 35: TRISD &= 0xf0;
   342  007E72  0EF0               	movlw	240
   343  007E74  1695               	andwf	149,f,c	;volatile
   344                           
   345                           ;writdata.c: 36: PORTD &= 0xf0;
   346  007E76  0EF0               	movlw	240
   347  007E78  1683               	andwf	131,f,c	;volatile
   348                           
   349                           ;writdata.c: 37: PORTD |= ((data>>4)&0x0f);
   350  007E7A  3801               	swapf	WriteDataXLCD@data^0,w,c
   351  007E7C  0B0F               	andlw	15
   352  007E7E  0B0F               	andlw	15
   353  007E80  1283               	iorwf	131,f,c	;volatile
   354                           
   355                           ;writdata.c: 39: LATEbits.LATE0 = 1;
   356  007E82  808D               	bsf	141,0,c	;volatile
   357                           
   358                           ;writdata.c: 40: LATEbits.LATE1 = 0;
   359  007E84  928D               	bcf	141,1,c	;volatile
   360                           
   361                           ;writdata.c: 41: DelayFor18TCY();
   362  007E86  EC92  F03E         	call	_DelayFor18TCY	;wreg free
   363                           
   364                           ;writdata.c: 42: LATEbits.LATE2 = 1;
   365  007E8A  848D               	bsf	141,2,c	;volatile
   366                           
   367                           ;writdata.c: 43: DelayFor18TCY();
   368  007E8C  EC92  F03E         	call	_DelayFor18TCY	;wreg free
   369                           
   370                           ;writdata.c: 44: LATEbits.LATE2 = 0;
   371  007E90  948D               	bcf	141,2,c	;volatile
   372                           
   373                           ;writdata.c: 49: PORTD &= 0xf0;
   374  007E92  0EF0               	movlw	240
   375  007E94  1683               	andwf	131,f,c	;volatile
   376                           
   377                           ;writdata.c: 50: PORTD |= (data&0x0f);
   378  007E96  5001               	movf	WriteDataXLCD@data^0,w,c
   379  007E98  0B0F               	andlw	15
   380  007E9A  1283               	iorwf	131,f,c	;volatile
   381                           
   382                           ;writdata.c: 52: DelayFor18TCY();
   383  007E9C  EC92  F03E         	call	_DelayFor18TCY	;wreg free
   384                           
   385                           ;writdata.c: 53: LATEbits.LATE2 = 1;
   386  007EA0  848D               	bsf	141,2,c	;volatile
   387                           
   388                           ;writdata.c: 54: DelayFor18TCY();
   389  007EA2  EC92  F03E         	call	_DelayFor18TCY	;wreg free
   390                           
   391                           ;writdata.c: 55: LATEbits.LATE2 = 0;
   392  007EA6  948D               	bcf	141,2,c	;volatile
   393                           
   394                           ;writdata.c: 59: TRISD |= 0x0f;
   395  007EA8  0E0F               	movlw	15
   396  007EAA  1295               	iorwf	149,f,c	;volatile
   397  007EAC  0012               	return		;funcret
   398  007EAE                     __end_of_WriteDataXLCD:
   399                           	opt callstack 0
   400                           
   401 ;; *************** function _inicializacionLCD *****************
   402 ;; Defined at:
   403 ;;		line 4 in file "main.c"
   404 ;; Parameters:    Size  Location     Type
   405 ;;		None
   406 ;; Auto vars:     Size  Location     Type
   407 ;;		None
   408 ;; Return value:  Size  Location     Type
   409 ;;                  1    wreg      void 
   410 ;; Registers used:
   411 ;;		wreg, status,2, status,0, cstack
   412 ;; Tracked objects:
   413 ;;		On entry : 0/0
   414 ;;		On exit  : 0/0
   415 ;;		Unchanged: 0/0
   416 ;; Data sizes:     COMRAM   BANK0   BANK1   BANK2   BANK3   BANK4   BANK5   BANK6   BANK7
   417 ;;      Params:         0       0       0       0       0       0       0       0       0
   418 ;;      Locals:         0       0       0       0       0       0       0       0       0
   419 ;;      Temps:          0       0       0       0       0       0       0       0       0
   420 ;;      Totals:         0       0       0       0       0       0       0       0       0
   421 ;;Total ram usage:        0 bytes
   422 ;; Hardware stack levels used:    1
   423 ;; Hardware stack levels required when called:    3
   424 ;; This function calls:
   425 ;;		_OpenXLCD
   426 ;;		_WriteCmdXLCD
   427 ;; This function is called by:
   428 ;;		_main
   429 ;; This function uses a non-reentrant model
   430 ;;
   431                           
   432                           	psect	text3
   433  007D50                     __ptext3:
   434                           	opt callstack 0
   435  007D50                     _inicializacionLCD:
   436                           	opt callstack 27
   437                           
   438                           ;main.c: 6: OpenXLCD(0b00101100 & 0b00111000);
   439                           
   440                           ;incstack = 0
   441  007D50  0E28               	movlw	40
   442  007D52  EC83  F03F         	call	_OpenXLCD
   443                           
   444                           ;main.c: 7: WriteCmdXLCD(0b00000110);
   445  007D56  0E06               	movlw	6
   446  007D58  EC19  F03F         	call	_WriteCmdXLCD
   447                           
   448                           ;main.c: 8: WriteCmdXLCD(0b00001111);
   449  007D5C  0E0F               	movlw	15
   450  007D5E  EC19  F03F         	call	_WriteCmdXLCD
   451                           
   452                           ;main.c: 9: WriteCmdXLCD(0b00001110);
   453  007D62  0E0E               	movlw	14
   454  007D64  EC19  F03F         	call	_WriteCmdXLCD
   455  007D68  0012               	return		;funcret
   456  007D6A                     __end_of_inicializacionLCD:
   457                           	opt callstack 0
   458                           
   459 ;; *************** function _OpenXLCD *****************
   460 ;; Defined at:
   461 ;;		line 20 in file "XLCD/openxlcd.c"
   462 ;; Parameters:    Size  Location     Type
   463 ;;  lcdtype         1    wreg     unsigned char 
   464 ;; Auto vars:     Size  Location     Type
   465 ;;  lcdtype         1    6[COMRAM] unsigned char 
   466 ;; Return value:  Size  Location     Type
   467 ;;                  1    wreg      void 
   468 ;; Registers used:
   469 ;;		wreg, status,2, status,0, cstack
   470 ;; Tracked objects:
   471 ;;		On entry : 0/0
   472 ;;		On exit  : 0/0
   473 ;;		Unchanged: 0/0
   474 ;; Data sizes:     COMRAM   BANK0   BANK1   BANK2   BANK3   BANK4   BANK5   BANK6   BANK7
   475 ;;      Params:         0       0       0       0       0       0       0       0       0
   476 ;;      Locals:         1       0       0       0       0       0       0       0       0
   477 ;;      Temps:          1       0       0       0       0       0       0       0       0
   478 ;;      Totals:         2       0       0       0       0       0       0       0       0
   479 ;;Total ram usage:        2 bytes
   480 ;; Hardware stack levels used:    1
   481 ;; Hardware stack levels required when called:    2
   482 ;; This function calls:
   483 ;;		_BusyXLCD
   484 ;;		_DelayPORXLCD
   485 ;;		_SetDDRamAddr
   486 ;;		_WriteCmdXLCD
   487 ;; This function is called by:
   488 ;;		_inicializacionLCD
   489 ;; This function uses a non-reentrant model
   490 ;;
   491                           
   492                           	psect	text4
   493  007F06                     __ptext4:
   494                           	opt callstack 0
   495  007F06                     _OpenXLCD:
   496                           	opt callstack 27
   497                           
   498                           ;incstack = 0
   499                           ;OpenXLCD@lcdtype stored from wreg
   500  007F06  6E07               	movwf	OpenXLCD@lcdtype^0,c
   501                           
   502                           ;openxlcd.c: 32: PORTD &= 0xf0;
   503  007F08  0EF0               	movlw	240
   504  007F0A  1683               	andwf	131,f,c	;volatile
   505                           
   506                           ;openxlcd.c: 33: TRISD &= 0xF0;
   507  007F0C  0EF0               	movlw	240
   508  007F0E  1695               	andwf	149,f,c	;volatile
   509                           
   510                           ;openxlcd.c: 36: TRISEbits.TRISE1 = 0;
   511  007F10  9296               	bcf	150,1,c	;volatile
   512                           
   513                           ;openxlcd.c: 37: TRISEbits.TRISE0 = 0;
   514  007F12  9096               	bcf	150,0,c	;volatile
   515                           
   516                           ;openxlcd.c: 38: TRISEbits.TRISE2 = 0;
   517  007F14  9496               	bcf	150,2,c	;volatile
   518                           
   519                           ;openxlcd.c: 39: LATEbits.LATE1 = 0;
   520  007F16  928D               	bcf	141,1,c	;volatile
   521                           
   522                           ;openxlcd.c: 40: LATEbits.LATE0 = 0;
   523  007F18  908D               	bcf	141,0,c	;volatile
   524                           
   525                           ;openxlcd.c: 41: LATEbits.LATE2 = 0;
   526  007F1A  948D               	bcf	141,2,c	;volatile
   527                           
   528                           ;openxlcd.c: 44: DelayPORXLCD();
   529  007F1C  EC9D  F03E         	call	_DelayPORXLCD	;wreg free
   530                           
   531                           ;openxlcd.c: 46: WriteCmdXLCD(0x30);
   532  007F20  0E30               	movlw	48
   533  007F22  EC19  F03F         	call	_WriteCmdXLCD
   534                           
   535                           ;openxlcd.c: 49: _delay(10000);
   536  007F26  0E0D               	movlw	13
   537  007F28  6E06               	movwf	??_OpenXLCD^0,c
   538  007F2A  0EFC               	movlw	252
   539  007F2C                     u267:
   540  007F2C  2EE8               	decfsz	wreg,f,c
   541  007F2E  D7FE               	bra	u267
   542  007F30  2E06               	decfsz	??_OpenXLCD^0,f,c
   543  007F32  D7FC               	bra	u267
   544                           
   545                           ;openxlcd.c: 50: _delay(10000);
   546  007F34  0E0D               	movlw	13
   547  007F36  6E06               	movwf	??_OpenXLCD^0,c
   548  007F38  0EFC               	movlw	252
   549  007F3A                     u277:
   550  007F3A  2EE8               	decfsz	wreg,f,c
   551  007F3C  D7FE               	bra	u277
   552  007F3E  2E06               	decfsz	??_OpenXLCD^0,f,c
   553  007F40  D7FC               	bra	u277
   554                           
   555                           ;openxlcd.c: 51: _delay(10000);
   556  007F42  0E0D               	movlw	13
   557  007F44  6E06               	movwf	??_OpenXLCD^0,c
   558  007F46  0EFC               	movlw	252
   559  007F48                     u287:
   560  007F48  2EE8               	decfsz	wreg,f,c
   561  007F4A  D7FE               	bra	u287
   562  007F4C  2E06               	decfsz	??_OpenXLCD^0,f,c
   563  007F4E  D7FC               	bra	u287
   564                           
   565                           ;openxlcd.c: 52: _delay(10000);
   566  007F50  0E0D               	movlw	13
   567  007F52  6E06               	movwf	??_OpenXLCD^0,c
   568  007F54  0EFC               	movlw	252
   569  007F56                     u297:
   570  007F56  2EE8               	decfsz	wreg,f,c
   571  007F58  D7FE               	bra	u297
   572  007F5A  2E06               	decfsz	??_OpenXLCD^0,f,c
   573  007F5C  D7FC               	bra	u297
   574                           
   575                           ;openxlcd.c: 53: _delay(10000);
   576  007F5E  0E0D               	movlw	13
   577  007F60  6E06               	movwf	??_OpenXLCD^0,c
   578  007F62  0EFC               	movlw	252
   579  007F64                     u307:
   580  007F64  2EE8               	decfsz	wreg,f,c
   581  007F66  D7FE               	bra	u307
   582  007F68  2E06               	decfsz	??_OpenXLCD^0,f,c
   583  007F6A  D7FC               	bra	u307
   584                           
   585                           ;openxlcd.c: 54: _delay(10000);
   586  007F6C  0E0D               	movlw	13
   587  007F6E  6E06               	movwf	??_OpenXLCD^0,c
   588  007F70  0EFC               	movlw	252
   589  007F72                     u317:
   590  007F72  2EE8               	decfsz	wreg,f,c
   591  007F74  D7FE               	bra	u317
   592  007F76  2E06               	decfsz	??_OpenXLCD^0,f,c
   593  007F78  D7FC               	bra	u317
   594                           
   595                           ;openxlcd.c: 57: WriteCmdXLCD(0x30);
   596  007F7A  0E30               	movlw	48
   597  007F7C  EC19  F03F         	call	_WriteCmdXLCD
   598                           
   599                           ;openxlcd.c: 59: _delay(10000);
   600  007F80  0E0D               	movlw	13
   601  007F82  6E06               	movwf	??_OpenXLCD^0,c
   602  007F84  0EFC               	movlw	252
   603  007F86                     u327:
   604  007F86  2EE8               	decfsz	wreg,f,c
   605  007F88  D7FE               	bra	u327
   606  007F8A  2E06               	decfsz	??_OpenXLCD^0,f,c
   607  007F8C  D7FC               	bra	u327
   608                           
   609                           ;openxlcd.c: 62: WriteCmdXLCD(0x32);
   610  007F8E  0E32               	movlw	50
   611  007F90  EC19  F03F         	call	_WriteCmdXLCD
   612  007F94                     l1253:
   613  007F94  ECFC  F03E         	call	_BusyXLCD	;wreg free
   614  007F98  0900               	iorlw	0
   615  007F9A  A4D8               	btfss	status,2,c
   616  007F9C  D7FB               	goto	l1253
   617  007F9E                     u170:
   618  007F9E  ECFC  F03E         	call	_BusyXLCD	;wreg free
   619  007FA2  0900               	iorlw	0
   620  007FA4  A4D8               	btfss	status,2,c
   621  007FA6  D7FB               	goto	u170
   622                           
   623                           ;openxlcd.c: 69: WriteCmdXLCD(lcdtype);
   624  007FA8  5007               	movf	OpenXLCD@lcdtype^0,w,c
   625  007FAA  EC19  F03F         	call	_WriteCmdXLCD
   626  007FAE                     l1259:
   627  007FAE  ECFC  F03E         	call	_BusyXLCD	;wreg free
   628  007FB2  0900               	iorlw	0
   629  007FB4  A4D8               	btfss	status,2,c
   630  007FB6  D7FB               	goto	l1259
   631                           
   632                           ;openxlcd.c: 73: WriteCmdXLCD(0b00001011&0b00001101&0b00001110);
   633  007FB8  0E08               	movlw	8
   634  007FBA  EC19  F03F         	call	_WriteCmdXLCD
   635  007FBE                     l1263:
   636  007FBE  ECFC  F03E         	call	_BusyXLCD	;wreg free
   637  007FC2  0900               	iorlw	0
   638  007FC4  A4D8               	btfss	status,2,c
   639  007FC6  D7FB               	goto	l1263
   640                           
   641                           ;openxlcd.c: 75: WriteCmdXLCD(0b00001111&0b00001111&0b00001111);
   642  007FC8  0E0F               	movlw	15
   643  007FCA  EC19  F03F         	call	_WriteCmdXLCD
   644  007FCE                     l1267:
   645  007FCE  ECFC  F03E         	call	_BusyXLCD	;wreg free
   646  007FD2  0900               	iorlw	0
   647  007FD4  A4D8               	btfss	status,2,c
   648  007FD6  D7FB               	goto	l1267
   649                           
   650                           ;openxlcd.c: 79: WriteCmdXLCD(0x01);
   651  007FD8  0E01               	movlw	1
   652  007FDA  EC19  F03F         	call	_WriteCmdXLCD
   653  007FDE                     l1271:
   654  007FDE  ECFC  F03E         	call	_BusyXLCD	;wreg free
   655  007FE2  0900               	iorlw	0
   656  007FE4  A4D8               	btfss	status,2,c
   657  007FE6  D7FB               	goto	l1271
   658                           
   659                           ;openxlcd.c: 83: WriteCmdXLCD(0b00000100);
   660  007FE8  0E04               	movlw	4
   661  007FEA  EC19  F03F         	call	_WriteCmdXLCD
   662  007FEE                     l1275:
   663  007FEE  ECFC  F03E         	call	_BusyXLCD	;wreg free
   664  007FF2  0900               	iorlw	0
   665  007FF4  A4D8               	btfss	status,2,c
   666  007FF6  D7FB               	goto	l1275
   667                           
   668                           ;openxlcd.c: 87: SetDDRamAddr(0x80);
   669  007FF8  0E80               	movlw	128
   670  007FFA  EC57  F03F         	call	_SetDDRamAddr
   671  007FFE  0012               	return		;funcret
   672  008000                     __end_of_OpenXLCD:
   673                           	opt callstack 0
   674                           
   675 ;; *************** function _WriteCmdXLCD *****************
   676 ;; Defined at:
   677 ;;		line 13 in file "XLCD/wcmdxlcd.c"
   678 ;; Parameters:    Size  Location     Type
   679 ;;  cmd             1    wreg     unsigned char 
   680 ;; Auto vars:     Size  Location     Type
   681 ;;  cmd             1    0[COMRAM] unsigned char 
   682 ;; Return value:  Size  Location     Type
   683 ;;                  1    wreg      void 
   684 ;; Registers used:
   685 ;;		wreg, status,2, status,0, cstack
   686 ;; Tracked objects:
   687 ;;		On entry : 0/0
   688 ;;		On exit  : 0/0
   689 ;;		Unchanged: 0/0
   690 ;; Data sizes:     COMRAM   BANK0   BANK1   BANK2   BANK3   BANK4   BANK5   BANK6   BANK7
   691 ;;      Params:         0       0       0       0       0       0       0       0       0
   692 ;;      Locals:         1       0       0       0       0       0       0       0       0
   693 ;;      Temps:          0       0       0       0       0       0       0       0       0
   694 ;;      Totals:         1       0       0       0       0       0       0       0       0
   695 ;;Total ram usage:        1 bytes
   696 ;; Hardware stack levels used:    1
   697 ;; Hardware stack levels required when called:    1
   698 ;; This function calls:
   699 ;;		_DelayFor18TCY
   700 ;; This function is called by:
   701 ;;		_OpenXLCD
   702 ;;		_inicializacionLCD
   703 ;;		_main
   704 ;; This function uses a non-reentrant model
   705 ;;
   706                           
   707                           	psect	text5
   708  007E32                     __ptext5:
   709                           	opt callstack 0
   710  007E32                     _WriteCmdXLCD:
   711                           	opt callstack 28
   712                           
   713                           ;incstack = 0
   714                           ;WriteCmdXLCD@cmd stored from wreg
   715  007E32  6E01               	movwf	WriteCmdXLCD@cmd^0,c
   716                           
   717                           ;wcmdxlcd.c: 32: TRISD &= 0xf0;
   718  007E34  0EF0               	movlw	240
   719  007E36  1695               	andwf	149,f,c	;volatile
   720                           
   721                           ;wcmdxlcd.c: 33: PORTD &= 0xf0;
   722  007E38  0EF0               	movlw	240
   723  007E3A  1683               	andwf	131,f,c	;volatile
   724                           
   725                           ;wcmdxlcd.c: 34: PORTD |= (cmd>>4)&0x0f;
   726  007E3C  3801               	swapf	WriteCmdXLCD@cmd^0,w,c
   727  007E3E  0B0F               	andlw	15
   728  007E40  0B0F               	andlw	15
   729  007E42  1283               	iorwf	131,f,c	;volatile
   730                           
   731                           ;wcmdxlcd.c: 36: LATEbits.LATE1 = 0;
   732  007E44  928D               	bcf	141,1,c	;volatile
   733                           
   734                           ;wcmdxlcd.c: 37: LATEbits.LATE0 = 0;
   735  007E46  908D               	bcf	141,0,c	;volatile
   736                           
   737                           ;wcmdxlcd.c: 38: DelayFor18TCY();
   738  007E48  EC92  F03E         	call	_DelayFor18TCY	;wreg free
   739                           
   740                           ;wcmdxlcd.c: 39: LATEbits.LATE2 = 1;
   741  007E4C  848D               	bsf	141,2,c	;volatile
   742                           
   743                           ;wcmdxlcd.c: 40: DelayFor18TCY();
   744  007E4E  EC92  F03E         	call	_DelayFor18TCY	;wreg free
   745                           
   746                           ;wcmdxlcd.c: 41: LATEbits.LATE2 = 0;
   747  007E52  948D               	bcf	141,2,c	;volatile
   748                           
   749                           ;wcmdxlcd.c: 46: PORTD &= 0xf0;
   750  007E54  0EF0               	movlw	240
   751  007E56  1683               	andwf	131,f,c	;volatile
   752                           
   753                           ;wcmdxlcd.c: 47: PORTD |= cmd&0x0f;
   754  007E58  5001               	movf	WriteCmdXLCD@cmd^0,w,c
   755  007E5A  0B0F               	andlw	15
   756  007E5C  1283               	iorwf	131,f,c	;volatile
   757                           
   758                           ;wcmdxlcd.c: 49: DelayFor18TCY();
   759  007E5E  EC92  F03E         	call	_DelayFor18TCY	;wreg free
   760                           
   761                           ;wcmdxlcd.c: 50: LATEbits.LATE2 = 1;
   762  007E62  848D               	bsf	141,2,c	;volatile
   763                           
   764                           ;wcmdxlcd.c: 51: DelayFor18TCY();
   765  007E64  EC92  F03E         	call	_DelayFor18TCY	;wreg free
   766                           
   767                           ;wcmdxlcd.c: 52: LATEbits.LATE2 = 0;
   768  007E68  948D               	bcf	141,2,c	;volatile
   769                           
   770                           ;wcmdxlcd.c: 56: TRISD |= 0x0f;
   771  007E6A  0E0F               	movlw	15
   772  007E6C  1295               	iorwf	149,f,c	;volatile
   773  007E6E  0012               	return		;funcret
   774  007E70                     __end_of_WriteCmdXLCD:
   775                           	opt callstack 0
   776                           
   777 ;; *************** function _SetDDRamAddr *****************
   778 ;; Defined at:
   779 ;;		line 13 in file "XLCD/setddram.c"
   780 ;; Parameters:    Size  Location     Type
   781 ;;  DDaddr          1    wreg     unsigned char 
   782 ;; Auto vars:     Size  Location     Type
   783 ;;  DDaddr          1    3[COMRAM] unsigned char 
   784 ;; Return value:  Size  Location     Type
   785 ;;                  1    wreg      void 
   786 ;; Registers used:
   787 ;;		wreg, status,2, status,0, cstack
   788 ;; Tracked objects:
   789 ;;		On entry : 0/0
   790 ;;		On exit  : 0/0
   791 ;;		Unchanged: 0/0
   792 ;; Data sizes:     COMRAM   BANK0   BANK1   BANK2   BANK3   BANK4   BANK5   BANK6   BANK7
   793 ;;      Params:         0       0       0       0       0       0       0       0       0
   794 ;;      Locals:         1       0       0       0       0       0       0       0       0
   795 ;;      Temps:          3       0       0       0       0       0       0       0       0
   796 ;;      Totals:         4       0       0       0       0       0       0       0       0
   797 ;;Total ram usage:        4 bytes
   798 ;; Hardware stack levels used:    1
   799 ;; Hardware stack levels required when called:    1
   800 ;; This function calls:
   801 ;;		_DelayFor18TCY
   802 ;; This function is called by:
   803 ;;		_OpenXLCD
   804 ;; This function uses a non-reentrant model
   805 ;;
   806                           
   807                           	psect	text6
   808  007EAE                     __ptext6:
   809                           	opt callstack 0
   810  007EAE                     _SetDDRamAddr:
   811                           	opt callstack 27
   812                           
   813                           ;incstack = 0
   814                           ;SetDDRamAddr@DDaddr stored from wreg
   815  007EAE  6E04               	movwf	SetDDRamAddr@DDaddr^0,c
   816                           
   817                           ;setddram.c: 32: TRISD &= 0xf0;
   818  007EB0  0EF0               	movlw	240
   819  007EB2  1695               	andwf	149,f,c	;volatile
   820                           
   821                           ;setddram.c: 33: PORTD &= 0xf0;
   822  007EB4  0EF0               	movlw	240
   823  007EB6  1683               	andwf	131,f,c	;volatile
   824                           
   825                           ;setddram.c: 34: PORTD |= (((DDaddr | 0b10000000)>>4) & 0x0f);
   826  007EB8  5004               	movf	SetDDRamAddr@DDaddr^0,w,c
   827  007EBA  6E01               	movwf	??_SetDDRamAddr^0,c
   828  007EBC  6A02               	clrf	(??_SetDDRamAddr+1)^0,c
   829  007EBE  0E80               	movlw	128
   830  007EC0  1201               	iorwf	??_SetDDRamAddr^0,f,c
   831  007EC2  0E00               	movlw	0
   832  007EC4  1202               	iorwf	(??_SetDDRamAddr+1)^0,f,c
   833  007EC6  0E04               	movlw	4
   834  007EC8  6E03               	movwf	(??_SetDDRamAddr+2)^0,c
   835  007ECA                     u35:
   836  007ECA  3402               	rlcf	(??_SetDDRamAddr+1)^0,w,c
   837  007ECC  3202               	rrcf	(??_SetDDRamAddr+1)^0,f,c
   838  007ECE  3201               	rrcf	??_SetDDRamAddr^0,f,c
   839  007ED0  2E03               	decfsz	(??_SetDDRamAddr+2)^0,f,c
   840  007ED2  D7FB               	goto	u35
   841  007ED4  5001               	movf	??_SetDDRamAddr^0,w,c
   842  007ED6  0B0F               	andlw	15
   843  007ED8  1283               	iorwf	131,f,c	;volatile
   844                           
   845                           ;setddram.c: 36: LATEbits.LATE1 = 0;
   846  007EDA  928D               	bcf	141,1,c	;volatile
   847                           
   848                           ;setddram.c: 37: LATEbits.LATE0 = 0;
   849  007EDC  908D               	bcf	141,0,c	;volatile
   850                           
   851                           ;setddram.c: 38: DelayFor18TCY();
   852  007EDE  EC92  F03E         	call	_DelayFor18TCY	;wreg free
   853                           
   854                           ;setddram.c: 39: LATEbits.LATE2 = 1;
   855  007EE2  848D               	bsf	141,2,c	;volatile
   856                           
   857                           ;setddram.c: 40: DelayFor18TCY();
   858  007EE4  EC92  F03E         	call	_DelayFor18TCY	;wreg free
   859                           
   860                           ;setddram.c: 41: LATEbits.LATE2 = 0;
   861  007EE8  948D               	bcf	141,2,c	;volatile
   862                           
   863                           ;setddram.c: 46: PORTD &= 0xf0;
   864  007EEA  0EF0               	movlw	240
   865  007EEC  1683               	andwf	131,f,c	;volatile
   866                           
   867                           ;setddram.c: 47: PORTD |= (DDaddr&0x0f);
   868  007EEE  5004               	movf	SetDDRamAddr@DDaddr^0,w,c
   869  007EF0  0B0F               	andlw	15
   870  007EF2  1283               	iorwf	131,f,c	;volatile
   871                           
   872                           ;setddram.c: 49: DelayFor18TCY();
   873  007EF4  EC92  F03E         	call	_DelayFor18TCY	;wreg free
   874                           
   875                           ;setddram.c: 50: LATEbits.LATE2 = 1;
   876  007EF8  848D               	bsf	141,2,c	;volatile
   877                           
   878                           ;setddram.c: 51: DelayFor18TCY();
   879  007EFA  EC92  F03E         	call	_DelayFor18TCY	;wreg free
   880                           
   881                           ;setddram.c: 52: LATEbits.LATE2 = 0;
   882  007EFE  948D               	bcf	141,2,c	;volatile
   883                           
   884                           ;setddram.c: 56: TRISD |= 0x0f;
   885  007F00  0E0F               	movlw	15
   886  007F02  1295               	iorwf	149,f,c	;volatile
   887  007F04  0012               	return		;funcret
   888  007F06                     __end_of_SetDDRamAddr:
   889                           	opt callstack 0
   890                           
   891 ;; *************** function _DelayPORXLCD *****************
   892 ;; Defined at:
   893 ;;		line 23 in file "main.c"
   894 ;; Parameters:    Size  Location     Type
   895 ;;		None
   896 ;; Auto vars:     Size  Location     Type
   897 ;;		None
   898 ;; Return value:  Size  Location     Type
   899 ;;                  1    wreg      void 
   900 ;; Registers used:
   901 ;;		wreg, status,2, status,0, cstack
   902 ;; Tracked objects:
   903 ;;		On entry : 0/0
   904 ;;		On exit  : 0/0
   905 ;;		Unchanged: 0/0
   906 ;; Data sizes:     COMRAM   BANK0   BANK1   BANK2   BANK3   BANK4   BANK5   BANK6   BANK7
   907 ;;      Params:         0       0       0       0       0       0       0       0       0
   908 ;;      Locals:         0       0       0       0       0       0       0       0       0
   909 ;;      Temps:          0       0       0       0       0       0       0       0       0
   910 ;;      Totals:         0       0       0       0       0       0       0       0       0
   911 ;;Total ram usage:        0 bytes
   912 ;; Hardware stack levels used:    1
   913 ;; Hardware stack levels required when called:    1
   914 ;; This function calls:
   915 ;;		_delay_ms
   916 ;; This function is called by:
   917 ;;		_OpenXLCD
   918 ;; This function uses a non-reentrant model
   919 ;;
   920                           
   921                           	psect	text7
   922  007D3A                     __ptext7:
   923                           	opt callstack 0
   924  007D3A                     _DelayPORXLCD:
   925                           	opt callstack 27
   926                           
   927                           ;main.c: 24: delay_ms(15);
   928                           
   929                           ;incstack = 0
   930  007D3A  0E0F               	movlw	15
   931  007D3C  6E01               	movwf	delay_ms@n^0,c
   932  007D3E  0E00               	movlw	0
   933  007D40  6E02               	movwf	(delay_ms@n+1)^0,c
   934  007D42  0E00               	movlw	0
   935  007D44  6E03               	movwf	(delay_ms@n+2)^0,c
   936  007D46  0E00               	movlw	0
   937  007D48  6E04               	movwf	(delay_ms@n+3)^0,c
   938  007D4A  ECE1  F03E         	call	_delay_ms	;wreg free
   939  007D4E  0012               	return		;funcret
   940  007D50                     __end_of_DelayPORXLCD:
   941                           	opt callstack 0
   942                           
   943 ;; *************** function _delay_ms *****************
   944 ;; Defined at:
   945 ;;		line 157 in file "Alteri.h"
   946 ;; Parameters:    Size  Location     Type
   947 ;;  n               4    0[COMRAM] long 
   948 ;; Auto vars:     Size  Location     Type
   949 ;;		None
   950 ;; Return value:  Size  Location     Type
   951 ;;                  1    wreg      void 
   952 ;; Registers used:
   953 ;;		wreg, status,2, status,0
   954 ;; Tracked objects:
   955 ;;		On entry : 0/0
   956 ;;		On exit  : 0/0
   957 ;;		Unchanged: 0/0
   958 ;; Data sizes:     COMRAM   BANK0   BANK1   BANK2   BANK3   BANK4   BANK5   BANK6   BANK7
   959 ;;      Params:         4       0       0       0       0       0       0       0       0
   960 ;;      Locals:         0       0       0       0       0       0       0       0       0
   961 ;;      Temps:          1       0       0       0       0       0       0       0       0
   962 ;;      Totals:         5       0       0       0       0       0       0       0       0
   963 ;;Total ram usage:        5 bytes
   964 ;; Hardware stack levels used:    1
   965 ;; This function calls:
   966 ;;		Nothing
   967 ;; This function is called by:
   968 ;;		_DelayPORXLCD
   969 ;;		_DelayXLCD
   970 ;; This function uses a non-reentrant model
   971 ;;
   972                           
   973                           	psect	text8
   974  007DC2                     __ptext8:
   975                           	opt callstack 0
   976  007DC2                     _delay_ms:
   977                           	opt callstack 27
   978                           
   979                           ;Alteri.h: 159: while(n-- !=0){
   980                           
   981                           ;incstack = 0
   982  007DC2  D008               	goto	l1213
   983  007DC4                     l1211:
   984                           
   985                           ;Alteri.h: 160: _delay((unsigned long)((1)*(48000000/4000.0)));
   986  007DC4  0E10               	movlw	16
   987  007DC6  6E05               	movwf	??_delay_ms^0,c
   988  007DC8  0E94               	movlw	148
   989  007DCA                     u337:
   990  007DCA  2EE8               	decfsz	wreg,f,c
   991  007DCC  D7FE               	bra	u337
   992  007DCE  2E05               	decfsz	??_delay_ms^0,f,c
   993  007DD0  D7FC               	bra	u337
   994  007DD2  D000               	nop2	
   995  007DD4                     l1213:
   996  007DD4  0EFF               	movlw	255
   997  007DD6  2601               	addwf	delay_ms@n^0,f,c
   998  007DD8  0EFF               	movlw	255
   999  007DDA  2202               	addwfc	(delay_ms@n+1)^0,f,c
  1000  007DDC  0EFF               	movlw	255
  1001  007DDE  2203               	addwfc	(delay_ms@n+2)^0,f,c
  1002  007DE0  0EFF               	movlw	255
  1003  007DE2  2204               	addwfc	(delay_ms@n+3)^0,f,c
  1004  007DE4  2801               	incf	delay_ms@n^0,w,c
  1005  007DE6  E1EE               	bnz	l1211
  1006  007DE8  2802               	incf	(delay_ms@n+1)^0,w,c
  1007  007DEA  E1EC               	bnz	l1211
  1008  007DEC  2803               	incf	(delay_ms@n+2)^0,w,c
  1009  007DEE  E1EA               	bnz	l1211
  1010  007DF0  2804               	incf	(delay_ms@n+3)^0,w,c
  1011  007DF2  B4D8               	btfsc	status,2,c
  1012  007DF4  0012               	return	
  1013  007DF6  D7E6               	goto	l1211
  1014  007DF8                     __end_of_delay_ms:
  1015                           	opt callstack 0
  1016                           
  1017 ;; *************** function _BusyXLCD *****************
  1018 ;; Defined at:
  1019 ;;		line 11 in file "XLCD/busyxlcd.c"
  1020 ;; Parameters:    Size  Location     Type
  1021 ;;		None
  1022 ;; Auto vars:     Size  Location     Type
  1023 ;;		None
  1024 ;; Return value:  Size  Location     Type
  1025 ;;                  1    wreg      unsigned char 
  1026 ;; Registers used:
  1027 ;;		wreg, cstack
  1028 ;; Tracked objects:
  1029 ;;		On entry : 0/0
  1030 ;;		On exit  : 0/0
  1031 ;;		Unchanged: 0/0
  1032 ;; Data sizes:     COMRAM   BANK0   BANK1   BANK2   BANK3   BANK4   BANK5   BANK6   BANK7
  1033 ;;      Params:         0       0       0       0       0       0       0       0       0
  1034 ;;      Locals:         0       0       0       0       0       0       0       0       0
  1035 ;;      Temps:          0       0       0       0       0       0       0       0       0
  1036 ;;      Totals:         0       0       0       0       0       0       0       0       0
  1037 ;;Total ram usage:        0 bytes
  1038 ;; Hardware stack levels used:    1
  1039 ;; Hardware stack levels required when called:    1
  1040 ;; This function calls:
  1041 ;;		_DelayFor18TCY
  1042 ;; This function is called by:
  1043 ;;		_OpenXLCD
  1044 ;;		_putrsXLCD
  1045 ;;		_putsXLCD
  1046 ;; This function uses a non-reentrant model
  1047 ;;
  1048                           
  1049                           	psect	text9
  1050  007DF8                     __ptext9:
  1051                           	opt callstack 0
  1052  007DF8                     _BusyXLCD:
  1053                           	opt callstack 28
  1054                           
  1055                           ;busyxlcd.c: 13: LATEbits.LATE1 = 1;
  1056                           
  1057                           ;incstack = 0
  1058  007DF8  828D               	bsf	141,1,c	;volatile
  1059                           
  1060                           ;busyxlcd.c: 14: LATEbits.LATE0 = 0;
  1061  007DFA  908D               	bcf	141,0,c	;volatile
  1062                           
  1063                           ;busyxlcd.c: 15: DelayFor18TCY();
  1064  007DFC  EC92  F03E         	call	_DelayFor18TCY	;wreg free
  1065                           
  1066                           ;busyxlcd.c: 16: LATEbits.LATE2 = 1;
  1067  007E00  848D               	bsf	141,2,c	;volatile
  1068                           
  1069                           ;busyxlcd.c: 17: DelayFor18TCY();
  1070  007E02  EC92  F03E         	call	_DelayFor18TCY	;wreg free
  1071                           
  1072                           ;busyxlcd.c: 35: if(PORTD&0x08)
  1073  007E06  A683               	btfss	131,3,c	;volatile
  1074  007E08  D00A               	goto	l9
  1075                           
  1076                           ;busyxlcd.c: 37: {;busyxlcd.c: 38: LATEbits.LATE2 = 0;
  1077  007E0A  948D               	bcf	141,2,c	;volatile
  1078                           
  1079                           ;busyxlcd.c: 39: DelayFor18TCY();
  1080  007E0C  EC92  F03E         	call	_DelayFor18TCY	;wreg free
  1081                           
  1082                           ;busyxlcd.c: 40: LATEbits.LATE2 = 1;
  1083  007E10  848D               	bsf	141,2,c	;volatile
  1084                           
  1085                           ;busyxlcd.c: 41: DelayFor18TCY();
  1086  007E12  EC92  F03E         	call	_DelayFor18TCY	;wreg free
  1087                           
  1088                           ;busyxlcd.c: 42: LATEbits.LATE2 = 0;
  1089  007E16  948D               	bcf	141,2,c	;volatile
  1090                           
  1091                           ;busyxlcd.c: 43: LATEbits.LATE1 = 0;
  1092  007E18  928D               	bcf	141,1,c	;volatile
  1093                           
  1094                           ;busyxlcd.c: 44: return 1;
  1095  007E1A  0E01               	movlw	1
  1096  007E1C  0012               	return	
  1097  007E1E                     l9:
  1098                           
  1099                           ;busyxlcd.c: 46: else;busyxlcd.c: 47: {;busyxlcd.c: 48: LATEbits.LATE2 = 0;
  1100  007E1E  948D               	bcf	141,2,c	;volatile
  1101                           
  1102                           ;busyxlcd.c: 49: DelayFor18TCY();
  1103  007E20  EC92  F03E         	call	_DelayFor18TCY	;wreg free
  1104                           
  1105                           ;busyxlcd.c: 50: LATEbits.LATE2 = 1;
  1106  007E24  848D               	bsf	141,2,c	;volatile
  1107                           
  1108                           ;busyxlcd.c: 51: DelayFor18TCY();
  1109  007E26  EC92  F03E         	call	_DelayFor18TCY	;wreg free
  1110                           
  1111                           ;busyxlcd.c: 52: LATEbits.LATE2 = 0;
  1112  007E2A  948D               	bcf	141,2,c	;volatile
  1113                           
  1114                           ;busyxlcd.c: 53: LATEbits.LATE1 = 0;
  1115  007E2C  928D               	bcf	141,1,c	;volatile
  1116                           
  1117                           ;busyxlcd.c: 54: return 0;
  1118  007E2E  0E00               	movlw	0
  1119  007E30  0012               	return		;funcret
  1120  007E32                     __end_of_BusyXLCD:
  1121                           	opt callstack 0
  1122                           
  1123 ;; *************** function _DelayFor18TCY *****************
  1124 ;; Defined at:
  1125 ;;		line 20 in file "main.c"
  1126 ;; Parameters:    Size  Location     Type
  1127 ;;		None
  1128 ;; Auto vars:     Size  Location     Type
  1129 ;;		None
  1130 ;; Return value:  Size  Location     Type
  1131 ;;                  1    wreg      void 
  1132 ;; Registers used:
  1133 ;;		wreg
  1134 ;; Tracked objects:
  1135 ;;		On entry : 0/0
  1136 ;;		On exit  : 0/0
  1137 ;;		Unchanged: 0/0
  1138 ;; Data sizes:     COMRAM   BANK0   BANK1   BANK2   BANK3   BANK4   BANK5   BANK6   BANK7
  1139 ;;      Params:         0       0       0       0       0       0       0       0       0
  1140 ;;      Locals:         0       0       0       0       0       0       0       0       0
  1141 ;;      Temps:          0       0       0       0       0       0       0       0       0
  1142 ;;      Totals:         0       0       0       0       0       0       0       0       0
  1143 ;;Total ram usage:        0 bytes
  1144 ;; Hardware stack levels used:    1
  1145 ;; This function calls:
  1146 ;;		Nothing
  1147 ;; This function is called by:
  1148 ;;		_BusyXLCD
  1149 ;;		_SetDDRamAddr
  1150 ;;		_WriteCmdXLCD
  1151 ;;		_WriteDataXLCD
  1152 ;;		_ReadAddrXLCD
  1153 ;;		_ReadDataXLCD
  1154 ;;		_SetCGRamAddr
  1155 ;; This function uses a non-reentrant model
  1156 ;;
  1157                           
  1158                           	psect	text10
  1159  007D24                     __ptext10:
  1160                           	opt callstack 0
  1161  007D24                     _DelayFor18TCY:
  1162                           	opt callstack 28
  1163                           
  1164                           ;main.c: 21: _delay(240);
  1165                           
  1166                           ;incstack = 0
  1167  007D24  0E50               	movlw	80
  1168  007D26                     u347:
  1169  007D26  2EE8               	decfsz	wreg,f,c
  1170  007D28  D7FE               	bra	u347
  1171  007D2A  0012               	return		;funcret
  1172  007D2C                     __end_of_DelayFor18TCY:
  1173                           	opt callstack 0
  1174                           
  1175                           	psect	rparam
  1176  0000                     tosu	equ	0xFFF
  1177                           tosh	equ	0xFFE
  1178                           tosl	equ	0xFFD
  1179                           stkptr	equ	0xFFC
  1180                           pclatu	equ	0xFFB
  1181                           pclath	equ	0xFFA
  1182                           pcl	equ	0xFF9
  1183                           tblptru	equ	0xFF8
  1184                           tblptrh	equ	0xFF7
  1185                           tblptrl	equ	0xFF6
  1186                           tablat	equ	0xFF5
  1187                           prodh	equ	0xFF4
  1188                           prodl	equ	0xFF3
  1189                           indf0	equ	0xFEF
  1190                           postinc0	equ	0xFEE
  1191                           postdec0	equ	0xFED
  1192                           preinc0	equ	0xFEC
  1193                           plusw0	equ	0xFEB
  1194                           fsr0h	equ	0xFEA
  1195                           fsr0l	equ	0xFE9
  1196                           wreg	equ	0xFE8
  1197                           indf1	equ	0xFE7
  1198                           postinc1	equ	0xFE6
  1199                           postdec1	equ	0xFE5
  1200                           preinc1	equ	0xFE4
  1201                           plusw1	equ	0xFE3
  1202                           fsr1h	equ	0xFE2
  1203                           fsr1l	equ	0xFE1
  1204                           bsr	equ	0xFE0
  1205                           indf2	equ	0xFDF
  1206                           postinc2	equ	0xFDE
  1207                           postdec2	equ	0xFDD
  1208                           preinc2	equ	0xFDC
  1209                           plusw2	equ	0xFDB
  1210                           fsr2h	equ	0xFDA
  1211                           fsr2l	equ	0xFD9
  1212                           status	equ	0xFD8


Data Sizes:
    Strings     28
    Constant    0
    Data        0
    BSS         0
    Persistent  0
    Stack       0

Auto Spaces:
    Space          Size  Autos    Used
    COMRAM           95      7       7
    BANK0           160      0       0
    BANK1           256      0       0
    BANK2           256      0       0
    BANK3           256      0       0
    BANK4           256      0       0
    BANK5           256      0       0
    BANK6           256      0       0
    BANK7           256      0       0

Pointer List with Targets:

    putrsXLCD@buffer	PTR const unsigned char  size(2) Largest target is 14
		 -> STR_2(CODE[14]), STR_1(CODE[14]), 


Critical Paths under _main in COMRAM

    _putrsXLCD->_WriteDataXLCD
    _inicializacionLCD->_OpenXLCD
    _DelayPORXLCD->_delay_ms

Critical Paths under _main in BANK0

    None.

Critical Paths under _main in BANK1

    None.

Critical Paths under _main in BANK2

    None.

Critical Paths under _main in BANK3

    None.

Critical Paths under _main in BANK4

    None.

Critical Paths under _main in BANK5

    None.

Critical Paths under _main in BANK6

    None.

Critical Paths under _main in BANK7

    None.

Call Graph Tables:

 ---------------------------------------------------------------------------------
 (Depth) Function   	        Calls       Base Space   Used Autos Params    Refs
 ---------------------------------------------------------------------------------
 (0) _main                                                 0     0      0     543
                       _WriteCmdXLCD
                  _inicializacionLCD
                          _putrsXLCD
 ---------------------------------------------------------------------------------
 (1) _putrsXLCD                                            2     0      2     227
                                              1 COMRAM     2     0      2
                           _BusyXLCD
                      _WriteDataXLCD
 ---------------------------------------------------------------------------------
 (2) _WriteDataXLCD                                        1     1      0      30
                                              0 COMRAM     1     1      0
                      _DelayFor18TCY
 ---------------------------------------------------------------------------------
 (1) _inicializacionLCD                                    0     0      0     286
                           _OpenXLCD
                       _WriteCmdXLCD
 ---------------------------------------------------------------------------------
 (2) _OpenXLCD                                             2     2      0     256
                                              5 COMRAM     2     2      0
                           _BusyXLCD
                       _DelayPORXLCD
                       _SetDDRamAddr
                       _WriteCmdXLCD
 ---------------------------------------------------------------------------------
 (2) _WriteCmdXLCD                                         1     1      0      30
                                              0 COMRAM     1     1      0
                      _DelayFor18TCY
 ---------------------------------------------------------------------------------
 (3) _SetDDRamAddr                                         4     4      0      30
                                              0 COMRAM     4     4      0
                      _DelayFor18TCY
 ---------------------------------------------------------------------------------
 (3) _DelayPORXLCD                                         0     0      0     174
                           _delay_ms
 ---------------------------------------------------------------------------------
 (4) _delay_ms                                             5     1      4     174
                                              0 COMRAM     5     1      4
 ---------------------------------------------------------------------------------
 (2) _BusyXLCD                                             0     0      0       0
                      _DelayFor18TCY
 ---------------------------------------------------------------------------------
 (3) _DelayFor18TCY                                        0     0      0       0
 ---------------------------------------------------------------------------------
 Estimated maximum stack depth 4
 ---------------------------------------------------------------------------------

 Call Graph Graphs:

 _main (ROOT)
   _WriteCmdXLCD
     _DelayFor18TCY
   _inicializacionLCD
     _OpenXLCD
       _BusyXLCD
         _DelayFor18TCY
       _DelayPORXLCD
         _delay_ms
       _SetDDRamAddr
         _DelayFor18TCY
       _WriteCmdXLCD
         _DelayFor18TCY
     _WriteCmdXLCD
       _DelayFor18TCY
   _putrsXLCD
     _BusyXLCD
       _DelayFor18TCY
     _WriteDataXLCD
       _DelayFor18TCY

 Address spaces:
Name               Size   Autos  Total    Cost      Usage
BITCOMRAM           5F      0       0       0        0.0%
EEDATA             100      0       0       0        0.0%
NULL                 0      0       0       0        0.0%
CODE                 0      0       0       0        0.0%
COMRAM              5F      7       7       1        7.4%
STACK                0      0       0       2        0.0%
DATA                 0      0       0       3        0.0%
BITBANK0            A0      0       0       4        0.0%
BANK0               A0      0       0       5        0.0%
BITBANK1           100      0       0       6        0.0%
BANK1              100      0       0       7        0.0%
BITBANK2           100      0       0       8        0.0%
BANK2              100      0       0       9        0.0%
BITBANK3           100      0       0      10        0.0%
BANK3              100      0       0      11        0.0%
BITBANK4           100      0       0      12        0.0%
BANK4              100      0       0      13        0.0%
BITBANK5           100      0       0      14        0.0%
BANK5              100      0       0      15        0.0%
BITBANK6           100      0       0      16        0.0%
BANK6              100      0       0      17        0.0%
BITBANK7           100      0       0      18        0.0%
BANK7              100      0       0      19        0.0%
ABS                  0      0       0      20        0.0%
BIGRAM             7FF      0       0      21        0.0%
BITSFR               0      0       0     200        0.0%
SFR                  0      0       0     200        0.0%


Microchip Technology PIC18 Macro Assembler V2.10 build 88905656 
Symbol Table                                                                                   Wed Mar 18 23:36:19 2020

                         l9 7E1E                          u35 7ECA                 __CFG_BOR$ON 000000  
               __CFG_BORV$3 000000                __CFG_CP0$OFF 000000                __CFG_CP1$OFF 000000  
                       l163 7D8C                __CFG_CPB$OFF 000000                         u170 7F9E  
                       u307 7F64                         u317 7F72                         u327 7F86  
                       u337 7DCA                         u347 7D26                         u267 7F2C  
                       u277 7F3A                         u287 7F48                         u297 7F56  
     __size_of_WriteCmdXLCD 003E                         wreg 000FE8                __CFG_LVP$OFF 000000  
              __CFG_WDT$OFF 000000                        l1211 7DC4                        l1213 7DD4  
                      l1253 7F94                        l1271 7FDE                        l1263 7FBE  
                      l1275 7FEE                        l1267 7FCE                        l1259 7FAE  
                      l1283 7D90                        l1289 7DAE                        STR_1 1005  
                      STR_2 1013                        _main 7D6A      __size_of_WriteDataXLCD 003E  
                      start 1000               __CFG_IESO$OFF 000000               __CFG_MCLRE$ON 000000  
              ___param_bank 000000           _inicializacionLCD 7D50          ?_inicializacionLCD 0001  
              _WriteCmdXLCD 7E32               __CFG_PLLDIV$5 000000               ?_SetDDRamAddr 0001  
                     ?_main 0001         ??_inicializacionLCD 0008                       _PORTD 000F83  
             __CFG_USBDIV$2 000000                       _TRISD 000F95               __CFG_PWRT$OFF 000000  
             __CFG_WRT0$OFF 000000               __CFG_WRT1$OFF 000000              __CFG_EBTR0$OFF 000000  
            __CFG_FCMEN$OFF 000000              __CFG_EBTR1$OFF 000000               __CFG_WRTB$OFF 000000  
             __CFG_WRTC$OFF 000000              __CFG_EBTRB$OFF 000000                       tablat 000FF5  
                     status 000FD8   __end_of_inicializacionLCD 7D6A             __initialization 7D2C  
              __end_of_main 7D8E            __end_of_BusyXLCD 7E32       __size_of_DelayPORXLCD 0016  
            ??_SetDDRamAddr 0001            __end_of_OpenXLCD 8000                      ??_main 0008  
             __activetblptr 000001               _WriteDataXLCD 7E70              __CFG_VREGEN$ON 000000  
          __end_of_delay_ms 7DF8                _DelayPORXLCD 7D3A              __CFG_XINST$OFF 000000  
            __CFG_STVREN$ON 000000              ?_WriteDataXLCD 0001                __mediumconst 0000  
                    tblptrh 000FF7                      tblptrl 000FF6                      tblptru 000FF8  
                __accesstop 0060     __end_of__initialization 7D2C             __CFG_PBADEN$OFF 000000  
             ___rparam_used 000001  __size_of_inicializacionLCD 001A              __pcstackCOMRAM 0001  
    __size_of_DelayFor18TCY 0008                   ?_BusyXLCD 0001             WriteCmdXLCD@cmd 0001  
      __end_of_SetDDRamAddr 7F06                   ?_OpenXLCD 0001           WriteDataXLCD@data 0001  
           ??_WriteDataXLCD 0001                   ?_delay_ms 0001          __size_of_putrsXLCD 0034  
                ??_BusyXLCD 0001                  ??_OpenXLCD 0006                     __Hparam 0000  
                   __Lparam 0000               _DelayFor18TCY 7D24                __psmallconst 1004  
                   __pcinit 7D2C             putrsXLCD@buffer 0002                     __ramtop 0800  
                   __ptext0 7D6A                     __ptext1 7D8E                     __ptext2 7E70  
                   __ptext3 7D50                     __ptext4 7F06                     __ptext5 7E32  
                   __ptext6 7EAE                     __ptext7 7D3A                     __ptext8 7DC2  
                   __ptext9 7DF8                  ??_delay_ms 0005        end_of_initialization 7D2C  
            ?_DelayFor18TCY 0001           __end_of_putrsXLCD 7DC2                   _TRISEbits 000F96  
     __size_of_SetDDRamAddr 0058                _SetDDRamAddr 7EAE          SetDDRamAddr@DDaddr 0004  
       start_initialization 7D2C           __size_of_BusyXLCD 003A             ??_DelayFor18TCY 0001  
         __size_of_OpenXLCD 00FA               ?_WriteCmdXLCD 0001            __CFG_LPT1OSC$OFF 000000  
         __size_of_delay_ms 0036              ??_WriteCmdXLCD 0001       __end_of_WriteDataXLCD 7EAE  
               __smallconst 1004                    _LATEbits 000F8D                   delay_ms@n 0001  
             ?_DelayPORXLCD 0001             OpenXLCD@lcdtype 0007            __CFG_WDTPS$32768 000000  
                 _putrsXLCD 7D8E                    _BusyXLCD 7DF8              ??_DelayPORXLCD 0006  
                  _OpenXLCD 7F06                    __Hrparam 0000                    __Lrparam 0000  
              __Lsmallconst 1004                  ?_putrsXLCD 0002                    _delay_ms 7DC2  
                  __ptext10 7D24        __end_of_WriteCmdXLCD 7E70               __size_of_main 0024  
     __CFG_CPUDIV$OSC1_PLL2 000000       __end_of_DelayFor18TCY 7D2C        __end_of_DelayPORXLCD 7D50  
               ??_putrsXLCD 0004          __CFG_FOSC$HSPLL_HS 000000  
